-------------------------------------------------------------------
         SDDP.jl (c) Oscar Dowson and contributors, 2017-24
-------------------------------------------------------------------
problem
  nodes           : 4
  state variables : 0
  scenarios       : Inf
  existing cuts   : false
options
  solver          : serial mode
  risk measure    : SDDP.Expectation()
  sampling scheme : SDDP.InSampleMonteCarlo
subproblem structure
  VariableRef                                  : [4, 5]
  JuMP.AffExpr in MOI.EqualTo{Float64}         : [1, 1]
  JuMP.VariableRef in MOI.GreaterThan{Float64} : [3, 4]
  JuMP.VariableRef in MOI.LessThan{Float64}    : [1, 2]
  JuMP.VariableRef in MOI.Parameter{Float64}   : [1, 1]
numerical stability report
  matrix range     [1e+00, 1e+03]
  objective range  [3e-03, 3e+00]
  bounds range     [5e+02, 7e+02]
  rhs range        [0e+00, 0e+00]
-------------------------------------------------------------------
 iteration    simulation      bound        time (s)     solves  pid
-------------------------------------------------------------------
         1   7.632000e-02  7.511861e-02  1.602721e-02        15   1
         2   8.064000e-02  1.372001e-01  2.014382e+00      4390   1
        21   3.916800e-01  4.328262e-01  4.771201e+00     10145   1
        35   2.376000e-01  4.328263e-01  5.801149e+00     12123   1
        40   2.880000e-02  4.328263e-01  6.082336e+00     12532   1
-------------------------------------------------------------------
status         : simulation_stopping
total time (s) : 6.082336e+00
total solves   : 12532
best bound     :  4.328263e-01
simulation ci  :  4.804560e-01 ± 1.722603e-01
numeric issues : 0
-------------------------------------------------------------------

