-------------------------------------------------------------------
         SDDP.jl (c) Oscar Dowson and contributors, 2017-24
-------------------------------------------------------------------
problem
  nodes           : 2
  state variables : 0
  scenarios       : Inf
  existing cuts   : false
options
  solver          : serial mode
  risk measure    : SDDP.Expectation()
  sampling scheme : SDDP.InSampleMonteCarlo
subproblem structure
  VariableRef                                  : [22, 22]
  JuMP.AffExpr in MOI.EqualTo{Float64}         : [4, 4]
  JuMP.VariableRef in MOI.GreaterThan{Float64} : [17, 17]
  JuMP.VariableRef in MOI.LessThan{Float64}    : [9, 9]
  JuMP.VariableRef in MOI.Parameter{Float64}   : [5, 5]
numerical stability report
  matrix range     [1e+00, 2e+03]
  objective range  [1e-02, 9e+02]
  bounds range     [9e+00, 1e+03]
  rhs range        [0e+00, 0e+00]
-------------------------------------------------------------------
 iteration    simulation      bound        time (s)     solves  pid
-------------------------------------------------------------------
         1   5.151360e+02  4.326837e+02  4.292488e-02       194   1
         8   3.153178e+03  8.584593e+02  1.202936e+00      6410   1
        16   1.526596e+03  8.584595e+02  2.220569e+00      9652   1
        22   3.445785e+03  8.584595e+02  3.586192e+00     14192   1
        28   2.235802e+03  8.584595e+02  4.742553e+00     16227   1
        34   2.763691e+03  8.584595e+02  6.432327e+00     18470   1
        40   4.346880e+02  8.584595e+02  7.481985e+00     19673   1
-------------------------------------------------------------------
status         : simulation_stopping
total time (s) : 7.481985e+00
total solves   : 19673
best bound     :  8.584595e+02
simulation ci  :  1.140848e+03 ± 3.382620e+02
numeric issues : 0
-------------------------------------------------------------------

