-------------------------------------------------------------------
         SDDP.jl (c) Oscar Dowson and contributors, 2017-24
-------------------------------------------------------------------
problem
  nodes           : 4
  state variables : 0
  scenarios       : Inf
  existing cuts   : false
options
  solver          : serial mode
  risk measure    : SDDP.Expectation()
  sampling scheme : SDDP.InSampleMonteCarlo
subproblem structure
  VariableRef                                  : [4, 5]
  JuMP.AffExpr in MOI.EqualTo{Float64}         : [1, 1]
  JuMP.VariableRef in MOI.GreaterThan{Float64} : [3, 4]
  JuMP.VariableRef in MOI.LessThan{Float64}    : [1, 2]
  JuMP.VariableRef in MOI.Parameter{Float64}   : [1, 1]
numerical stability report
  matrix range     [1e+00, 1e+03]
  objective range  [3e-03, 3e+00]
  bounds range     [5e+02, 7e+02]
  rhs range        [0e+00, 0e+00]
-------------------------------------------------------------------
 iteration    simulation      bound        time (s)     solves  pid
-------------------------------------------------------------------
         1   9.900000e+00  7.854463e+00  3.225994e-02        47   1
         2   3.816000e+01  1.678386e+01  2.185623e+00      4466   1
        21   1.998000e+01  1.803443e+01  5.222148e+00     10403   1
        40   4.560000e+00  1.803443e+01  5.810662e+00     11314   1
-------------------------------------------------------------------
status         : simulation_stopping
total time (s) : 5.810662e+00
total solves   : 11314
best bound     :  1.803443e+01
simulation ci  :  1.487550e+01 ± 4.762248e+00
numeric issues : 0
-------------------------------------------------------------------

