-------------------------------------------------------------------
         SDDP.jl (c) Oscar Dowson and contributors, 2017-24
-------------------------------------------------------------------
problem
  nodes           : 4
  state variables : 0
  scenarios       : Inf
  existing cuts   : false
options
  solver          : serial mode
  risk measure    : SDDP.Expectation()
  sampling scheme : SDDP.InSampleMonteCarlo
subproblem structure
  VariableRef                                  : [4, 5]
  JuMP.AffExpr in MOI.EqualTo{Float64}         : [1, 1]
  JuMP.VariableRef in MOI.GreaterThan{Float64} : [3, 4]
  JuMP.VariableRef in MOI.LessThan{Float64}    : [1, 2]
  JuMP.VariableRef in MOI.Parameter{Float64}   : [1, 1]
numerical stability report
  matrix range     [1e+00, 1e+03]
  objective range  [3e-03, 3e+00]
  bounds range     [5e+02, 7e+02]
  rhs range        [0e+00, 0e+00]
-------------------------------------------------------------------
 iteration    simulation      bound        time (s)     solves  pid
-------------------------------------------------------------------
         1   3.369600e-01  2.441869e-01  4.014182e-02        67   1
         2   6.408000e-01  3.876675e-01  1.916769e+00      4168   1
        21   8.611200e-01  4.328263e-01  4.571275e+00      9883   1
        37   4.320000e-01  4.328263e-01  5.605912e+00     11561   1
        40   1.612800e-01  4.328263e-01  5.712570e+00     11718   1
-------------------------------------------------------------------
status         : simulation_stopping
total time (s) : 5.712570e+00
total solves   : 11718
best bound     :  4.328263e-01
simulation ci  :  4.751640e-01 ± 1.128488e-01
numeric issues : 0
-------------------------------------------------------------------

