-------------------------------------------------------------------
         SDDP.jl (c) Oscar Dowson and contributors, 2017-24
-------------------------------------------------------------------
problem
  nodes           : 2
  state variables : 0
  scenarios       : Inf
  existing cuts   : false
options
  solver          : serial mode
  risk measure    : SDDP.Expectation()
  sampling scheme : SDDP.InSampleMonteCarlo
subproblem structure
  VariableRef                                  : [22, 22]
  JuMP.AffExpr in MOI.EqualTo{Float64}         : [4, 4]
  JuMP.VariableRef in MOI.GreaterThan{Float64} : [17, 17]
  JuMP.VariableRef in MOI.LessThan{Float64}    : [9, 9]
  JuMP.VariableRef in MOI.Parameter{Float64}   : [5, 5]
numerical stability report
  matrix range     [1e+00, 2e+03]
  objective range  [1e-02, 9e+02]
  bounds range     [9e+00, 1e+03]
  rhs range        [0e+00, 0e+00]
-------------------------------------------------------------------
 iteration    simulation      bound        time (s)     solves  pid
-------------------------------------------------------------------
         1   2.398774e+03  8.061547e+02  1.325681e-01       766   1
        19   7.678865e+02  8.584592e+02  1.212887e+00      6280   1
        27   1.552666e+03  8.584595e+02  2.256845e+00     10712   1
        39   3.487410e+03  8.584595e+02  3.683028e+00     14275   1
        41   5.412088e+02  8.584595e+02  3.813942e+00     14546   1
-------------------------------------------------------------------
status         : simulation_stopping
total time (s) : 3.813942e+00
total solves   : 14546
best bound     :  8.584595e+02
simulation ci  :  7.659529e+02 ± 2.592064e+02
numeric issues : 0
-------------------------------------------------------------------

