-------------------------------------------------------------------
         SDDP.jl (c) Oscar Dowson and contributors, 2017-24
-------------------------------------------------------------------
problem
  nodes           : 2
  state variables : 0
  scenarios       : Inf
  existing cuts   : false
options
  solver          : serial mode
  risk measure    : SDDP.Expectation()
  sampling scheme : SDDP.InSampleMonteCarlo
subproblem structure
  VariableRef                                  : [22, 22]
  JuMP.AffExpr in MOI.EqualTo{Float64}         : [4, 4]
  JuMP.VariableRef in MOI.GreaterThan{Float64} : [17, 17]
  JuMP.VariableRef in MOI.LessThan{Float64}    : [9, 9]
  JuMP.VariableRef in MOI.Parameter{Float64}   : [5, 5]
numerical stability report
  matrix range     [1e+00, 2e+03]
  objective range  [1e-02, 9e+02]
  bounds range     [9e+00, 1e+03]
  rhs range        [0e+00, 0e+00]
-------------------------------------------------------------------
 iteration    simulation      bound        time (s)     solves  pid
-------------------------------------------------------------------
         1   1.588232e+02  1.727432e+02  2.297378e-02        64   1
        16   1.198272e+03  8.584549e+02  1.037256e+00      5909   1
        24   1.578742e+03  8.584595e+02  2.105460e+00     10721   1
        34   1.532969e+03  8.584595e+02  3.175392e+00     13688   1
        40   4.200192e+02  8.584595e+02  3.776671e+00     15034   1
-------------------------------------------------------------------
status         : simulation_stopping
total time (s) : 3.776671e+00
total solves   : 15034
best bound     :  8.584595e+02
simulation ci  :  7.490450e+02 ± 1.911562e+02
numeric issues : 0
-------------------------------------------------------------------

