-------------------------------------------------------------------
         SDDP.jl (c) Oscar Dowson and contributors, 2017-24
-------------------------------------------------------------------
problem
  nodes           : 4
  state variables : 0
  scenarios       : Inf
  existing cuts   : false
options
  solver          : serial mode
  risk measure    : SDDP.Expectation()
  sampling scheme : SDDP.InSampleMonteCarlo
subproblem structure
  VariableRef                                  : [4, 5]
  JuMP.AffExpr in MOI.EqualTo{Float64}         : [1, 1]
  JuMP.VariableRef in MOI.GreaterThan{Float64} : [3, 4]
  JuMP.VariableRef in MOI.LessThan{Float64}    : [1, 2]
  JuMP.VariableRef in MOI.Parameter{Float64}   : [1, 1]
numerical stability report
  matrix range     [1e+00, 1e+03]
  objective range  [3e-03, 3e+00]
  bounds range     [5e+02, 7e+02]
  rhs range        [0e+00, 0e+00]
-------------------------------------------------------------------
 iteration    simulation      bound        time (s)     solves  pid
-------------------------------------------------------------------
         1   1.440000e-02  2.846094e-02  8.144855e-03         3   1
         2   4.032000e-02  6.522142e-02  1.982647e+00      4384   1
        22   3.628800e-01  4.328261e-01  4.649353e+00     10036   1
        41   7.948800e-01  4.328263e-01  5.551005e+00     11841   1
-------------------------------------------------------------------
status         : simulation_stopping
total time (s) : 5.551005e+00
total solves   : 11841
best bound     :  4.328263e-01
simulation ci  :  3.805112e-01 ± 9.975272e-02
numeric issues : 0
-------------------------------------------------------------------

