-------------------------------------------------------------------
         SDDP.jl (c) Oscar Dowson and contributors, 2017-24
-------------------------------------------------------------------
problem
  nodes           : 4
  state variables : 0
  scenarios       : Inf
  existing cuts   : false
options
  solver          : serial mode
  risk measure    : SDDP.Expectation()
  sampling scheme : SDDP.InSampleMonteCarlo
subproblem structure
  VariableRef                                  : [4, 5]
  JuMP.AffExpr in MOI.EqualTo{Float64}         : [1, 1]
  JuMP.VariableRef in MOI.GreaterThan{Float64} : [3, 4]
  JuMP.VariableRef in MOI.LessThan{Float64}    : [1, 2]
  JuMP.VariableRef in MOI.Parameter{Float64}   : [1, 1]
numerical stability report
  matrix range     [1e+00, 1e+03]
  objective range  [3e-03, 3e+00]
  bounds range     [5e+02, 7e+02]
  rhs range        [0e+00, 0e+00]
-------------------------------------------------------------------
 iteration    simulation      bound        time (s)     solves  pid
-------------------------------------------------------------------
         1   1.353600e-01  1.290206e-01  2.181292e-02        27   1
         2   3.110400e-01  2.769259e-01  1.854225e+00      4141   1
        16   8.020800e-01  4.328263e-01  2.904959e+00      5983   1
        21   1.077120e+00  4.328263e-01  5.049482e+00     10437   1
        40   3.772800e-01  4.328263e-01  5.995210e+00     12000   1
-------------------------------------------------------------------
status         : simulation_stopping
total time (s) : 5.995210e+00
total solves   : 12000
best bound     :  4.328263e-01
simulation ci  :  4.910040e-01 ± 1.233830e-01
numeric issues : 0
-------------------------------------------------------------------

