-------------------------------------------------------------------
         SDDP.jl (c) Oscar Dowson and contributors, 2017-24
-------------------------------------------------------------------
problem
  nodes           : 2
  state variables : 0
  scenarios       : Inf
  existing cuts   : false
options
  solver          : serial mode
  risk measure    : SDDP.Expectation()
  sampling scheme : SDDP.InSampleMonteCarlo
subproblem structure
  VariableRef                                  : [16, 16]
  JuMP.AffExpr in MOI.EqualTo{Float64}         : [2, 2]
  JuMP.VariableRef in MOI.GreaterThan{Float64} : [12, 12]
  JuMP.VariableRef in MOI.LessThan{Float64}    : [6, 6]
  JuMP.VariableRef in MOI.Parameter{Float64}   : [4, 4]
numerical stability report
  matrix range     [1e+00, 2e+03]
  objective range  [1e-02, 3e+00]
  bounds range     [5e+02, 1e+03]
  rhs range        [0e+00, 0e+00]
-------------------------------------------------------------------
 iteration    simulation      bound        time (s)     solves  pid
-------------------------------------------------------------------
         1   4.732867e+02  3.325875e+02  1.085532e+01        49   1
        31   2.712403e+03  8.773575e+02  1.592842e+01      9114   1
        40   9.853572e+02  8.773575e+02  1.711239e+01      9735   1
-------------------------------------------------------------------
status         : simulation_stopping
total time (s) : 1.711239e+01
total solves   : 9735
best bound     :  8.773575e+02
simulation ci  :  1.084881e+03 ± 2.999944e+02
numeric issues : 0
-------------------------------------------------------------------

