-------------------------------------------------------------------
         SDDP.jl (c) Oscar Dowson and contributors, 2017-24
-------------------------------------------------------------------
problem
  nodes           : 2
  state variables : 1
  scenarios       : Inf
  existing cuts   : false
options
  solver          : serial mode
  risk measure    : SDDP.Expectation()
  sampling scheme : SDDP.InSampleMonteCarlo
subproblem structure
  VariableRef                                  : [13, 13]
  JuMP.AffExpr in MOI.EqualTo{Float64}         : [4, 4]
  JuMP.VariableRef in MOI.GreaterThan{Float64} : [10, 10]
  JuMP.VariableRef in MOI.LessThan{Float64}    : [6, 6]
  JuMP.VariableRef in MOI.Parameter{Float64}   : [2, 2]
numerical stability report
  matrix range     [1e+00, 1e+03]
  objective range  [1e-02, 9e+02]
  bounds range     [1e+01, 1e+03]
  rhs range        [0e+00, 0e+00]
-------------------------------------------------------------------
 iteration    simulation      bound        time (s)     solves  pid
-------------------------------------------------------------------
         1   1.728000e+00  0.000000e+00  9.916067e-03        19   1
        16   0.000000e+00  0.000000e+00  1.012663e+00      2057   1
        20   0.000000e+00  0.000000e+00  1.213996e+00      2197   1
-------------------------------------------------------------------
status         : simulation_stopping
total time (s) : 1.213996e+00
total solves   : 2197
best bound     :  0.000000e+00
simulation ci  :  8.640000e-02 ± 1.693440e-01
numeric issues : 0
-------------------------------------------------------------------

