-------------------------------------------------------------------
         SDDP.jl (c) Oscar Dowson and contributors, 2017-24
-------------------------------------------------------------------
problem
  nodes           : 2
  state variables : 0
  scenarios       : Inf
  existing cuts   : false
options
  solver          : serial mode
  risk measure    : SDDP.Expectation()
  sampling scheme : SDDP.InSampleMonteCarlo
subproblem structure
  VariableRef                                  : [16, 16]
  JuMP.AffExpr in MOI.EqualTo{Float64}         : [2, 2]
  JuMP.VariableRef in MOI.GreaterThan{Float64} : [12, 12]
  JuMP.VariableRef in MOI.LessThan{Float64}    : [6, 6]
  JuMP.VariableRef in MOI.Parameter{Float64}   : [4, 4]
numerical stability report
  matrix range     [1e+00, 2e+03]
  objective range  [1e-02, 3e+00]
  bounds range     [5e+02, 1e+03]
  rhs range        [0e+00, 0e+00]
-------------------------------------------------------------------
 iteration    simulation      bound        time (s)     solves  pid
-------------------------------------------------------------------
         1   1.447111e+03  7.249960e+02  1.121205e+01       184   1
        37   6.067266e+02  8.773575e+02  1.626466e+01     10359   1
        40   4.281753e+01  8.773575e+02  1.753708e+01     10996   1
-------------------------------------------------------------------
status         : simulation_stopping
total time (s) : 1.753708e+01
total solves   : 10996
best bound     :  8.773575e+02
simulation ci  :  1.088477e+03 ± 2.830548e+02
numeric issues : 0
-------------------------------------------------------------------

