-------------------------------------------------------------------
         SDDP.jl (c) Oscar Dowson and contributors, 2017-24
-------------------------------------------------------------------
problem
  nodes           : 2
  state variables : 0
  scenarios       : Inf
  existing cuts   : false
options
  solver          : serial mode
  risk measure    : SDDP.Expectation()
  sampling scheme : SDDP.InSampleMonteCarlo
subproblem structure
  VariableRef                                  : [22, 22]
  JuMP.AffExpr in MOI.EqualTo{Float64}         : [4, 4]
  JuMP.VariableRef in MOI.GreaterThan{Float64} : [17, 17]
  JuMP.VariableRef in MOI.LessThan{Float64}    : [9, 9]
  JuMP.VariableRef in MOI.Parameter{Float64}   : [5, 5]
numerical stability report
  matrix range     [1e+00, 2e+03]
  objective range  [1e-02, 9e+02]
  bounds range     [9e+00, 1e+03]
  rhs range        [0e+00, 0e+00]
-------------------------------------------------------------------
 iteration    simulation      bound        time (s)     solves  pid
-------------------------------------------------------------------
         1   4.141817e+04  7.699270e+03  3.298151e-01      1468   1
         8   1.855247e+04  7.734734e+03  1.443710e+00      5852   1
        19   2.022005e+03  7.734753e+03  2.459923e+00      8818   1
        24   8.894408e+03  7.734753e+03  3.515530e+00     12385   1
        39   8.508353e+03  7.734753e+03  4.622895e+00     14762   1
        40   7.697808e+03  7.734753e+03  4.780558e+00     15060   1
-------------------------------------------------------------------
status         : simulation_stopping
total time (s) : 4.780558e+00
total solves   : 15060
best bound     :  7.734753e+03
simulation ci  :  7.098647e+03 ± 2.390970e+03
numeric issues : 0
-------------------------------------------------------------------

