-------------------------------------------------------------------
         SDDP.jl (c) Oscar Dowson and contributors, 2017-24
-------------------------------------------------------------------
problem
  nodes           : 4
  state variables : 0
  scenarios       : Inf
  existing cuts   : false
options
  solver          : serial mode
  risk measure    : SDDP.Expectation()
  sampling scheme : SDDP.InSampleMonteCarlo
subproblem structure
  VariableRef                                  : [4, 5]
  JuMP.AffExpr in MOI.EqualTo{Float64}         : [1, 1]
  JuMP.VariableRef in MOI.GreaterThan{Float64} : [3, 4]
  JuMP.VariableRef in MOI.LessThan{Float64}    : [1, 2]
  JuMP.VariableRef in MOI.Parameter{Float64}   : [1, 1]
numerical stability report
  matrix range     [1e+00, 1e+03]
  objective range  [3e-03, 3e+00]
  bounds range     [5e+02, 7e+02]
  rhs range        [0e+00, 0e+00]
-------------------------------------------------------------------
 iteration    simulation      bound        time (s)     solves  pid
-------------------------------------------------------------------
         1   5.385600e-01  3.156960e-01  6.039190e-02       107   1
         2   2.304000e-01  3.600976e-01  2.245804e+00      4684   1
        21   3.988800e-01  4.328262e-01  5.069526e+00     10563   1
        40   2.419200e-01  4.328263e-01  5.637208e+00     11692   1
-------------------------------------------------------------------
status         : simulation_stopping
total time (s) : 5.637208e+00
total solves   : 11692
best bound     :  4.328263e-01
simulation ci  :  3.313080e-01 ± 1.074279e-01
numeric issues : 0
-------------------------------------------------------------------

