-------------------------------------------------------------------
         SDDP.jl (c) Oscar Dowson and contributors, 2017-24
-------------------------------------------------------------------
problem
  nodes           : 4
  state variables : 0
  scenarios       : Inf
  existing cuts   : false
options
  solver          : serial mode
  risk measure    : SDDP.Expectation()
  sampling scheme : SDDP.InSampleMonteCarlo
subproblem structure
  VariableRef                                  : [4, 5]
  JuMP.AffExpr in MOI.EqualTo{Float64}         : [1, 1]
  JuMP.VariableRef in MOI.GreaterThan{Float64} : [3, 4]
  JuMP.VariableRef in MOI.LessThan{Float64}    : [1, 2]
  JuMP.VariableRef in MOI.Parameter{Float64}   : [1, 1]
numerical stability report
  matrix range     [1e+00, 1e+03]
  objective range  [3e-03, 3e+00]
  bounds range     [5e+02, 7e+02]
  rhs range        [0e+00, 0e+00]
-------------------------------------------------------------------
 iteration    simulation      bound        time (s)     solves  pid
-------------------------------------------------------------------
         1   8.064000e-02  8.701943e-02  1.621604e-02        17   1
         2   6.854400e-01  3.644102e-01  1.758341e+00      3970   1
        21   5.126400e-01  4.328263e-01  4.272555e+00      9293   1
        36   1.353600e-01  4.328263e-01  5.276552e+00     10960   1
        40   2.563200e-01  4.328263e-01  5.511663e+00     11326   1
-------------------------------------------------------------------
status         : simulation_stopping
total time (s) : 5.511663e+00
total solves   : 11326
best bound     :  4.328263e-01
simulation ci  :  4.649040e-01 ± 1.406574e-01
numeric issues : 0
-------------------------------------------------------------------

