-------------------------------------------------------------------
         SDDP.jl (c) Oscar Dowson and contributors, 2017-24
-------------------------------------------------------------------
problem
  nodes           : 4
  state variables : 0
  scenarios       : Inf
  existing cuts   : false
options
  solver          : serial mode
  risk measure    : SDDP.Expectation()
  sampling scheme : SDDP.InSampleMonteCarlo
subproblem structure
  VariableRef                                  : [4, 5]
  JuMP.AffExpr in MOI.EqualTo{Float64}         : [1, 1]
  JuMP.VariableRef in MOI.GreaterThan{Float64} : [3, 4]
  JuMP.VariableRef in MOI.LessThan{Float64}    : [1, 2]
  JuMP.VariableRef in MOI.Parameter{Float64}   : [1, 1]
numerical stability report
  matrix range     [1e+00, 1e+03]
  objective range  [3e-03, 3e+00]
  bounds range     [5e+02, 7e+02]
  rhs range        [0e+00, 0e+00]
-------------------------------------------------------------------
 iteration    simulation      bound        time (s)     solves  pid
-------------------------------------------------------------------
         1   5.198400e-01  3.074519e-01  5.877995e-02       103   1
         2   1.972800e-01  3.471939e-01  2.135615e+00      4645   1
        25   2.016000e-01  4.328263e-01  5.184528e+00     11085   1
        44   4.176000e-01  4.328263e-01  6.109799e+00     12784   1
-------------------------------------------------------------------
status         : simulation_stopping
total time (s) : 6.109799e+00
total solves   : 12784
best bound     :  4.328263e-01
simulation ci  :  4.323927e-01 ± 1.791104e-01
numeric issues : 0
-------------------------------------------------------------------

