-------------------------------------------------------------------
         SDDP.jl (c) Oscar Dowson and contributors, 2017-24
-------------------------------------------------------------------
problem
  nodes           : 2
  state variables : 1
  scenarios       : Inf
  existing cuts   : false
options
  solver          : serial mode
  risk measure    : SDDP.Expectation()
  sampling scheme : SDDP.InSampleMonteCarlo
subproblem structure
  VariableRef                                  : [13, 13]
  JuMP.AffExpr in MOI.EqualTo{Float64}         : [4, 4]
  JuMP.VariableRef in MOI.GreaterThan{Float64} : [10, 10]
  JuMP.VariableRef in MOI.LessThan{Float64}    : [6, 6]
  JuMP.VariableRef in MOI.Parameter{Float64}   : [2, 2]
numerical stability report
  matrix range     [1e+00, 1e+03]
  objective range  [1e-02, 9e+02]
  bounds range     [1e+01, 1e+03]
  rhs range        [0e+00, 0e+00]
-------------------------------------------------------------------
 iteration    simulation      bound        time (s)     solves  pid
-------------------------------------------------------------------
         1   0.000000e+00  0.000000e+00  8.868933e-03         7   1
        13   0.000000e+00  0.000000e+00  1.018968e+00      1667   1
        21   0.000000e+00  0.000000e+00  2.236504e+00      3135   1
        29   0.000000e+00  0.000000e+00  3.390257e+00      3619   1
        37   0.000000e+00  0.000000e+00  4.401231e+00      3939   1
        40   0.000000e+00  0.000000e+00  4.883091e+00      4064   1
-------------------------------------------------------------------
status         : simulation_stopping
total time (s) : 4.883091e+00
total solves   : 4064
best bound     :  0.000000e+00
simulation ci  :  1.938109e-01 ± 3.798694e-01
numeric issues : 0
-------------------------------------------------------------------

