-------------------------------------------------------------------
         SDDP.jl (c) Oscar Dowson and contributors, 2017-24
-------------------------------------------------------------------
problem
  nodes           : 2
  state variables : 0
  scenarios       : Inf
  existing cuts   : false
options
  solver          : serial mode
  risk measure    : SDDP.Expectation()
  sampling scheme : SDDP.InSampleMonteCarlo
subproblem structure
  VariableRef                                  : [22, 22]
  JuMP.AffExpr in MOI.EqualTo{Float64}         : [4, 4]
  JuMP.VariableRef in MOI.GreaterThan{Float64} : [17, 17]
  JuMP.VariableRef in MOI.LessThan{Float64}    : [9, 9]
  JuMP.VariableRef in MOI.Parameter{Float64}   : [5, 5]
numerical stability report
  matrix range     [1e+00, 2e+03]
  objective range  [1e-02, 9e+02]
  bounds range     [9e+00, 1e+03]
  rhs range        [0e+00, 0e+00]
-------------------------------------------------------------------
 iteration    simulation      bound        time (s)     solves  pid
-------------------------------------------------------------------
         1   7.804800e+02  5.385678e+02  5.708003e-02       272   1
        10   2.737462e+03  8.584587e+02  1.215318e+00      6333   1
        20   3.071232e+02  8.584595e+02  2.239672e+00      9612   1
        26   1.172042e+03  8.584595e+02  3.299338e+00     13687   1
        35   1.737562e+03  8.584595e+02  4.559914e+00     16200   1
        40   9.308527e+02  8.584595e+02  5.525840e+00     17651   1
-------------------------------------------------------------------
status         : simulation_stopping
total time (s) : 5.525840e+00
total solves   : 17651
best bound     :  8.584595e+02
simulation ci  :  9.509388e+02 ± 2.675878e+02
numeric issues : 0
-------------------------------------------------------------------

