-------------------------------------------------------------------
         SDDP.jl (c) Oscar Dowson and contributors, 2017-24
-------------------------------------------------------------------
problem
  nodes           : 2
  state variables : 0
  scenarios       : Inf
  existing cuts   : false
options
  solver          : serial mode
  risk measure    : SDDP.Expectation()
  sampling scheme : SDDP.InSampleMonteCarlo
subproblem structure
  VariableRef                                  : [22, 22]
  JuMP.AffExpr in MOI.EqualTo{Float64}         : [4, 4]
  JuMP.VariableRef in MOI.GreaterThan{Float64} : [17, 17]
  JuMP.VariableRef in MOI.LessThan{Float64}    : [9, 9]
  JuMP.VariableRef in MOI.Parameter{Float64}   : [5, 5]
numerical stability report
  matrix range     [1e+00, 2e+03]
  objective range  [1e-02, 9e+02]
  bounds range     [9e+00, 1e+03]
  rhs range        [0e+00, 0e+00]
-------------------------------------------------------------------
 iteration    simulation      bound        time (s)     solves  pid
-------------------------------------------------------------------
         1   2.351232e+02  2.721201e+02  2.968287e-02       103   1
        17   4.378009e+02  8.584397e+02  1.054544e+00      6020   1
        27   6.874360e+02  8.584595e+02  2.095890e+00     10968   1
        36   7.302503e+02  8.584595e+02  3.188335e+00     14027   1
        41   4.869904e+02  8.584595e+02  3.915377e+00     15556   1
-------------------------------------------------------------------
status         : simulation_stopping
total time (s) : 3.915377e+00
total solves   : 15556
best bound     :  8.584595e+02
simulation ci  :  7.068529e+02 ± 2.199300e+02
numeric issues : 0
-------------------------------------------------------------------

