-------------------------------------------------------------------
         SDDP.jl (c) Oscar Dowson and contributors, 2017-24
-------------------------------------------------------------------
problem
  nodes           : 2
  state variables : 0
  scenarios       : Inf
  existing cuts   : false
options
  solver          : serial mode
  risk measure    : SDDP.Expectation()
  sampling scheme : SDDP.InSampleMonteCarlo
subproblem structure
  VariableRef                                  : [22, 22]
  JuMP.AffExpr in MOI.EqualTo{Float64}         : [4, 4]
  JuMP.VariableRef in MOI.GreaterThan{Float64} : [17, 17]
  JuMP.VariableRef in MOI.LessThan{Float64}    : [9, 9]
  JuMP.VariableRef in MOI.Parameter{Float64}   : [5, 5]
numerical stability report
  matrix range     [1e+00, 2e+03]
  objective range  [1e-02, 9e+02]
  bounds range     [9e+00, 1e+03]
  rhs range        [0e+00, 0e+00]
-------------------------------------------------------------------
 iteration    simulation      bound        time (s)     solves  pid
-------------------------------------------------------------------
         1   7.585528e+02  5.385678e+02  5.540490e-02       272   1
        12   7.418137e+02  8.584569e+02  1.091921e+00      5838   1
        20   2.292096e+03  8.584595e+02  2.146256e+00      9301   1
        27   6.216568e+02  8.584595e+02  3.220968e+00     13324   1
        36   1.511773e+03  8.584595e+02  4.265684e+00     15447   1
        40   3.197192e+02  8.584595e+02  4.716768e+00     16223   1
-------------------------------------------------------------------
status         : simulation_stopping
total time (s) : 4.716768e+00
total solves   : 16223
best bound     :  8.584595e+02
simulation ci  :  8.923218e+02 ± 3.304740e+02
numeric issues : 0
-------------------------------------------------------------------

