-------------------------------------------------------------------
         SDDP.jl (c) Oscar Dowson and contributors, 2017-24
-------------------------------------------------------------------
problem
  nodes           : 4
  state variables : 0
  scenarios       : Inf
  existing cuts   : false
options
  solver          : serial mode
  risk measure    : SDDP.Expectation()
  sampling scheme : SDDP.InSampleMonteCarlo
subproblem structure
  VariableRef                                  : [4, 5]
  JuMP.AffExpr in MOI.EqualTo{Float64}         : [1, 1]
  JuMP.VariableRef in MOI.GreaterThan{Float64} : [3, 4]
  JuMP.VariableRef in MOI.LessThan{Float64}    : [1, 2]
  JuMP.VariableRef in MOI.Parameter{Float64}   : [1, 1]
numerical stability report
  matrix range     [1e+00, 1e+03]
  objective range  [3e-03, 3e+00]
  bounds range     [5e+02, 7e+02]
  rhs range        [0e+00, 0e+00]
-------------------------------------------------------------------
 iteration    simulation      bound        time (s)     solves  pid
-------------------------------------------------------------------
         1   9.900000e+00  7.854463e+00  3.267384e-02        47   1
         2   3.678000e+01  1.665880e+01  2.296968e+00      4651   1
        20   2.520000e+01  1.803443e+01  3.312947e+00      6607   1
        21   3.360000e+00  1.803443e+01  5.565676e+00     11053   1
        40   3.360000e+00  1.803443e+01  6.432425e+00     12498   1
-------------------------------------------------------------------
status         : simulation_stopping
total time (s) : 6.432425e+00
total solves   : 12498
best bound     :  1.803443e+01
simulation ci  :  1.908000e+01 ± 7.184390e+00
numeric issues : 0
-------------------------------------------------------------------

