-------------------------------------------------------------------
         SDDP.jl (c) Oscar Dowson and contributors, 2017-24
-------------------------------------------------------------------
problem
  nodes           : 4
  state variables : 0
  scenarios       : Inf
  existing cuts   : false
options
  solver          : serial mode
  risk measure    : SDDP.Expectation()
  sampling scheme : SDDP.InSampleMonteCarlo
subproblem structure
  VariableRef                                  : [4, 5]
  JuMP.AffExpr in MOI.EqualTo{Float64}         : [1, 1]
  JuMP.VariableRef in MOI.GreaterThan{Float64} : [3, 4]
  JuMP.VariableRef in MOI.LessThan{Float64}    : [1, 2]
  JuMP.VariableRef in MOI.Parameter{Float64}   : [1, 1]
numerical stability report
  matrix range     [1e+00, 1e+03]
  objective range  [3e-03, 3e+00]
  bounds range     [5e+02, 7e+02]
  rhs range        [0e+00, 0e+00]
-------------------------------------------------------------------
 iteration    simulation      bound        time (s)     solves  pid
-------------------------------------------------------------------
         1   1.406880e+00  4.174245e-01  1.442850e-01       279   1
         2   1.094400e-01  4.200976e-01  1.778999e+00      4050   1
        15   2.822400e-01  4.328263e-01  2.791656e+00      5857   1
        21   1.209600e-01  4.328263e-01  4.774917e+00     10075   1
        40   4.723200e-01  4.328263e-01  5.415436e+00     11210   1
-------------------------------------------------------------------
status         : simulation_stopping
total time (s) : 5.415436e+00
total solves   : 11210
best bound     :  4.328263e-01
simulation ci  :  4.673520e-01 ± 1.546421e-01
numeric issues : 0
-------------------------------------------------------------------

