-------------------------------------------------------------------
         SDDP.jl (c) Oscar Dowson and contributors, 2017-24
-------------------------------------------------------------------
problem
  nodes           : 4
  state variables : 0
  scenarios       : Inf
  existing cuts   : false
options
  solver          : serial mode
  risk measure    : SDDP.Expectation()
  sampling scheme : SDDP.InSampleMonteCarlo
subproblem structure
  VariableRef                                  : [4, 5]
  JuMP.AffExpr in MOI.EqualTo{Float64}         : [1, 1]
  JuMP.VariableRef in MOI.GreaterThan{Float64} : [3, 4]
  JuMP.VariableRef in MOI.LessThan{Float64}    : [1, 2]
  JuMP.VariableRef in MOI.Parameter{Float64}   : [1, 1]
numerical stability report
  matrix range     [1e+00, 1e+03]
  objective range  [3e-03, 3e+00]
  bounds range     [5e+02, 7e+02]
  rhs range        [0e+00, 0e+00]
-------------------------------------------------------------------
 iteration    simulation      bound        time (s)     solves  pid
-------------------------------------------------------------------
         1   4.982400e-01  3.039830e-01  2.877712e-02        99   1
        21   9.158400e-01  4.328263e-01  1.559977e+00      9073   1
        40   4.320000e-01  4.328263e-01  2.001550e+00     10920   1
-------------------------------------------------------------------
status         : simulation_stopping
total time (s) : 2.001550e+00
total solves   : 10920
best bound     :  4.328263e-01
simulation ci  :  4.452840e-01 ± 1.038364e-01
numeric issues : 0
-------------------------------------------------------------------

