-------------------------------------------------------------------
         SDDP.jl (c) Oscar Dowson and contributors, 2017-24
-------------------------------------------------------------------
problem
  nodes           : 2
  state variables : 0
  scenarios       : Inf
  existing cuts   : false
options
  solver          : serial mode
  risk measure    : SDDP.Expectation()
  sampling scheme : SDDP.InSampleMonteCarlo
subproblem structure
  VariableRef                                  : [16, 16]
  JuMP.AffExpr in MOI.EqualTo{Float64}         : [2, 2]
  JuMP.VariableRef in MOI.GreaterThan{Float64} : [12, 12]
  JuMP.VariableRef in MOI.LessThan{Float64}    : [6, 6]
  JuMP.VariableRef in MOI.Parameter{Float64}   : [4, 4]
numerical stability report
  matrix range     [1e+00, 2e+03]
  objective range  [1e-02, 3e+00]
  bounds range     [5e+02, 1e+03]
  rhs range        [0e+00, 0e+00]
-------------------------------------------------------------------
 iteration    simulation      bound        time (s)     solves  pid
-------------------------------------------------------------------
         1   1.018918e+04  5.339098e+03  8.850111e+00       114   1
         2   1.113528e+04  7.377379e+03  9.885116e+00      2362   1
        40   6.532534e+03  8.018903e+03  1.310170e+01      8273   1
-------------------------------------------------------------------
status         : simulation_stopping
total time (s) : 1.310170e+01
total solves   : 8273
best bound     :  8.018903e+03
simulation ci  :  7.385576e+03 ± 2.329841e+03
numeric issues : 0
-------------------------------------------------------------------

