-------------------------------------------------------------------
         SDDP.jl (c) Oscar Dowson and contributors, 2017-24
-------------------------------------------------------------------
problem
  nodes           : 4
  state variables : 0
  scenarios       : Inf
  existing cuts   : false
options
  solver          : serial mode
  risk measure    : SDDP.Expectation()
  sampling scheme : SDDP.InSampleMonteCarlo
subproblem structure
  VariableRef                                  : [4, 5]
  JuMP.AffExpr in MOI.EqualTo{Float64}         : [1, 1]
  JuMP.VariableRef in MOI.GreaterThan{Float64} : [3, 4]
  JuMP.VariableRef in MOI.LessThan{Float64}    : [1, 2]
  JuMP.VariableRef in MOI.Parameter{Float64}   : [1, 1]
numerical stability report
  matrix range     [1e+00, 1e+03]
  objective range  [3e-03, 3e+00]
  bounds range     [5e+02, 7e+02]
  rhs range        [0e+00, 0e+00]
-------------------------------------------------------------------
 iteration    simulation      bound        time (s)     solves  pid
-------------------------------------------------------------------
         1   3.628800e-01  2.553727e-01  4.765105e-02        73   1
         2   5.644800e-01  3.860972e-01  1.762602e+00      3828   1
        21   3.585600e-01  4.328263e-01  4.375294e+00      9307   1
        38   8.755200e-01  4.328263e-01  5.392566e+00     11134   1
        40   1.569600e-01  4.328263e-01  5.506218e+00     11276   1
-------------------------------------------------------------------
status         : simulation_stopping
total time (s) : 5.506218e+00
total solves   : 11276
best bound     :  4.328263e-01
simulation ci  :  5.018760e-01 ± 1.412992e-01
numeric issues : 0
-------------------------------------------------------------------

