-------------------------------------------------------------------
         SDDP.jl (c) Oscar Dowson and contributors, 2017-24
-------------------------------------------------------------------
problem
  nodes           : 4
  state variables : 0
  scenarios       : Inf
  existing cuts   : false
options
  solver          : serial mode
  risk measure    : SDDP.Expectation()
  sampling scheme : SDDP.InSampleMonteCarlo
subproblem structure
  VariableRef                                  : [4, 5]
  JuMP.AffExpr in MOI.EqualTo{Float64}         : [1, 1]
  JuMP.VariableRef in MOI.GreaterThan{Float64} : [3, 4]
  JuMP.VariableRef in MOI.LessThan{Float64}    : [1, 2]
  JuMP.VariableRef in MOI.Parameter{Float64}   : [1, 1]
numerical stability report
  matrix range     [1e+00, 1e+03]
  objective range  [3e-03, 3e+00]
  bounds range     [5e+02, 7e+02]
  rhs range        [0e+00, 0e+00]
-------------------------------------------------------------------
 iteration    simulation      bound        time (s)     solves  pid
-------------------------------------------------------------------
         1   4.032000e-02  5.243875e-02  1.207089e-02         9   1
         2   3.110400e-01  2.376273e-01  1.749276e+00      4018   1
        19   1.612800e+00  4.328263e-01  2.758804e+00      5867   1
        21   6.408000e-01  4.328263e-01  4.679042e+00     10003   1
        39   9.014400e-01  4.328263e-01  5.757690e+00     11889   1
        40   3.225600e-01  4.328263e-01  5.811016e+00     11954   1
-------------------------------------------------------------------
status         : simulation_stopping
total time (s) : 5.811016e+00
total solves   : 11954
best bound     :  4.328263e-01
simulation ci  :  5.106960e-01 ± 1.330459e-01
numeric issues : 0
-------------------------------------------------------------------

