-------------------------------------------------------------------
         SDDP.jl (c) Oscar Dowson and contributors, 2017-24
-------------------------------------------------------------------
problem
  nodes           : 2
  state variables : 0
  scenarios       : Inf
  existing cuts   : false
options
  solver          : serial mode
  risk measure    : SDDP.Expectation()
  sampling scheme : SDDP.InSampleMonteCarlo
subproblem structure
  VariableRef                                  : [22, 22]
  JuMP.AffExpr in MOI.EqualTo{Float64}         : [4, 4]
  JuMP.VariableRef in MOI.GreaterThan{Float64} : [17, 17]
  JuMP.VariableRef in MOI.LessThan{Float64}    : [9, 9]
  JuMP.VariableRef in MOI.Parameter{Float64}   : [5, 5]
numerical stability report
  matrix range     [1e+00, 2e+03]
  objective range  [1e-02, 9e+02]
  bounds range     [9e+00, 1e+03]
  rhs range        [0e+00, 0e+00]
-------------------------------------------------------------------
 iteration    simulation      bound        time (s)     solves  pid
-------------------------------------------------------------------
         1   8.390008e+02  5.676489e+02  6.141186e-02       298   1
        14   1.046864e+03  8.584574e+02  1.138235e+00      6010   1
        24   2.573146e+03  8.584595e+02  2.317659e+00     10984   1
        35   7.333632e+02  8.584595e+02  3.401303e+00     13729   1
        40   6.655112e+02  8.584595e+02  4.510690e+00     15817   1
-------------------------------------------------------------------
status         : simulation_stopping
total time (s) : 4.510690e+00
total solves   : 15817
best bound     :  8.584595e+02
simulation ci  :  8.397931e+02 ± 2.445170e+02
numeric issues : 0
-------------------------------------------------------------------

