-------------------------------------------------------------------
         SDDP.jl (c) Oscar Dowson and contributors, 2017-24
-------------------------------------------------------------------
problem
  nodes           : 2
  state variables : 0
  scenarios       : Inf
  existing cuts   : false
options
  solver          : serial mode
  risk measure    : SDDP.Expectation()
  sampling scheme : SDDP.InSampleMonteCarlo
subproblem structure
  VariableRef                                  : [22, 22]
  JuMP.AffExpr in MOI.EqualTo{Float64}         : [4, 4]
  JuMP.VariableRef in MOI.GreaterThan{Float64} : [17, 17]
  JuMP.VariableRef in MOI.LessThan{Float64}    : [9, 9]
  JuMP.VariableRef in MOI.Parameter{Float64}   : [5, 5]
numerical stability report
  matrix range     [1e+00, 2e+03]
  objective range  [1e-02, 9e+02]
  bounds range     [9e+00, 1e+03]
  rhs range        [0e+00, 0e+00]
-------------------------------------------------------------------
 iteration    simulation      bound        time (s)     solves  pid
-------------------------------------------------------------------
         1   3.197192e+02  2.917518e+02  3.227806e-02       116   1
        11   1.029082e+03  8.584514e+02  1.069532e+00      5790   1
        20   5.610632e+02  8.584595e+02  2.134196e+00      9330   1
        23   1.886898e+03  8.584595e+02  3.224077e+00     13451   1
        28   2.947084e+03  8.584595e+02  4.440488e+00     15708   1
        32   5.672815e+02  8.584595e+02  5.587585e+00     17251   1
        35   2.147063e+03  8.584595e+02  6.796838e+00     18652   1
        38   3.255554e+03  8.584595e+02  8.188567e+00     20066   1
        40   3.970643e+01  8.584595e+02  8.408914e+00     20285   1
-------------------------------------------------------------------
status         : simulation_stopping
total time (s) : 8.408914e+00
total solves   : 20285
best bound     :  8.584595e+02
simulation ci  :  1.165077e+03 ± 2.852048e+02
numeric issues : 0
-------------------------------------------------------------------

