-------------------------------------------------------------------
         SDDP.jl (c) Oscar Dowson and contributors, 2017-24
-------------------------------------------------------------------
problem
  nodes           : 2
  state variables : 0
  scenarios       : Inf
  existing cuts   : false
options
  solver          : serial mode
  risk measure    : SDDP.Expectation()
  sampling scheme : SDDP.InSampleMonteCarlo
subproblem structure
  VariableRef                                  : [22, 22]
  JuMP.AffExpr in MOI.EqualTo{Float64}         : [4, 4]
  JuMP.VariableRef in MOI.GreaterThan{Float64} : [17, 17]
  JuMP.VariableRef in MOI.LessThan{Float64}    : [9, 9]
  JuMP.VariableRef in MOI.Parameter{Float64}   : [5, 5]
numerical stability report
  matrix range     [1e+00, 2e+03]
  objective range  [1e-02, 9e+02]
  bounds range     [9e+00, 1e+03]
  rhs range        [0e+00, 0e+00]
-------------------------------------------------------------------
 iteration    simulation      bound        time (s)     solves  pid
-------------------------------------------------------------------
         1   2.330504e+02  2.721201e+02  2.826691e-02       103   1
        12   1.311165e+03  8.584577e+02  1.070009e+00      5846   1
        25   7.784047e+02  8.584595e+02  2.112996e+00     10495   1
        34   1.337395e+03  8.584595e+02  3.115626e+00     13216   1
        39   1.474137e+03  8.584595e+02  4.336706e+00     15681   1
        40   3.019375e+02  8.584595e+02  4.399069e+00     15797   1
-------------------------------------------------------------------
status         : simulation_stopping
total time (s) : 4.399069e+00
total solves   : 15797
best bound     :  8.584595e+02
simulation ci  :  8.553520e+02 ± 2.769511e+02
numeric issues : 0
-------------------------------------------------------------------

