-------------------------------------------------------------------
         SDDP.jl (c) Oscar Dowson and contributors, 2017-24
-------------------------------------------------------------------
problem
  nodes           : 2
  state variables : 0
  scenarios       : Inf
  existing cuts   : false
options
  solver          : serial mode
  risk measure    : SDDP.Expectation()
  sampling scheme : SDDP.InSampleMonteCarlo
subproblem structure
  VariableRef                                  : [22, 22]
  JuMP.AffExpr in MOI.EqualTo{Float64}         : [4, 4]
  JuMP.VariableRef in MOI.GreaterThan{Float64} : [17, 17]
  JuMP.VariableRef in MOI.LessThan{Float64}    : [9, 9]
  JuMP.VariableRef in MOI.Parameter{Float64}   : [5, 5]
numerical stability report
  matrix range     [1e+00, 2e+03]
  objective range  [1e-02, 9e+02]
  bounds range     [9e+00, 1e+03]
  rhs range        [0e+00, 0e+00]
-------------------------------------------------------------------
 iteration    simulation      bound        time (s)     solves  pid
-------------------------------------------------------------------
         1   2.899084e+03  8.279120e+02  1.652319e-01       909   1
        16   3.499375e+02  8.584588e+02  1.455831e+00      6091   1
        31   1.021824e+03  8.584595e+02  2.551594e+00     10740   1
        40   1.093978e+03  8.584595e+02  3.553928e+00     13331   1
-------------------------------------------------------------------
status         : simulation_stopping
total time (s) : 3.553928e+00
total solves   : 13331
best bound     :  8.584595e+02
simulation ci  :  6.859970e+02 ± 1.895713e+02
numeric issues : 0
-------------------------------------------------------------------

