-------------------------------------------------------------------
         SDDP.jl (c) Oscar Dowson and contributors, 2017-24
-------------------------------------------------------------------
problem
  nodes           : 4
  state variables : 0
  scenarios       : Inf
  existing cuts   : false
options
  solver          : serial mode
  risk measure    : SDDP.Expectation()
  sampling scheme : SDDP.InSampleMonteCarlo
subproblem structure
  VariableRef                                  : [4, 5]
  JuMP.AffExpr in MOI.EqualTo{Float64}         : [1, 1]
  JuMP.VariableRef in MOI.GreaterThan{Float64} : [3, 4]
  JuMP.VariableRef in MOI.LessThan{Float64}    : [1, 2]
  JuMP.VariableRef in MOI.Parameter{Float64}   : [1, 1]
numerical stability report
  matrix range     [1e+00, 1e+03]
  objective range  [3e-03, 3e+00]
  bounds range     [5e+02, 7e+02]
  rhs range        [0e+00, 0e+00]
-------------------------------------------------------------------
 iteration    simulation      bound        time (s)     solves  pid
-------------------------------------------------------------------
         1   7.948800e-01  3.678318e-01  8.425999e-02       157   1
         2   1.586880e+00  4.312466e-01  2.415322e+00      5205   1
        21   1.094400e-01  4.328263e-01  5.259345e+00     11143   1
        40   1.756800e-01  4.328263e-01  6.100166e+00     12764   1
-------------------------------------------------------------------
status         : simulation_stopping
total time (s) : 6.100166e+00
total solves   : 12764
best bound     :  4.328263e-01
simulation ci  :  4.154760e-01 ± 1.332767e-01
numeric issues : 0
-------------------------------------------------------------------

