-------------------------------------------------------------------
         SDDP.jl (c) Oscar Dowson and contributors, 2017-24
-------------------------------------------------------------------
problem
  nodes           : 2
  state variables : 0
  scenarios       : Inf
  existing cuts   : false
options
  solver          : serial mode
  risk measure    : SDDP.Expectation()
  sampling scheme : SDDP.InSampleMonteCarlo
subproblem structure
  VariableRef                                  : [22, 22]
  JuMP.AffExpr in MOI.EqualTo{Float64}         : [4, 4]
  JuMP.VariableRef in MOI.GreaterThan{Float64} : [17, 17]
  JuMP.VariableRef in MOI.LessThan{Float64}    : [9, 9]
  JuMP.VariableRef in MOI.Parameter{Float64}   : [5, 5]
numerical stability report
  matrix range     [1e+00, 2e+03]
  objective range  [1e-02, 9e+02]
  bounds range     [9e+00, 1e+03]
  rhs range        [0e+00, 0e+00]
-------------------------------------------------------------------
 iteration    simulation      bound        time (s)     solves  pid
-------------------------------------------------------------------
         1   1.817856e+03  7.565322e+02  1.100819e-01       584   1
        14   1.893999e+03  8.584586e+02  1.240160e+00      6497   1
        22   1.558887e+03  8.584595e+02  2.383387e+00     11427   1
        31   1.505297e+02  8.584595e+02  3.418164e+00     14018   1
        38   2.845013e+03  8.584595e+02  4.480701e+00     16104   1
        40   2.287480e+02  8.584595e+02  4.561482e+00     16258   1
-------------------------------------------------------------------
status         : simulation_stopping
total time (s) : 4.561482e+00
total solves   : 16258
best bound     :  8.584595e+02
simulation ci  :  8.230807e+02 ± 2.965655e+02
numeric issues : 0
-------------------------------------------------------------------

