-------------------------------------------------------------------
         SDDP.jl (c) Oscar Dowson and contributors, 2017-24
-------------------------------------------------------------------
problem
  nodes           : 2
  state variables : 0
  scenarios       : Inf
  existing cuts   : false
options
  solver          : serial mode
  risk measure    : SDDP.Expectation()
  sampling scheme : SDDP.InSampleMonteCarlo
subproblem structure
  VariableRef                                  : [22, 22]
  JuMP.AffExpr in MOI.EqualTo{Float64}         : [4, 4]
  JuMP.VariableRef in MOI.GreaterThan{Float64} : [17, 17]
  JuMP.VariableRef in MOI.LessThan{Float64}    : [9, 9]
  JuMP.VariableRef in MOI.Parameter{Float64}   : [5, 5]
numerical stability report
  matrix range     [1e+00, 2e+03]
  objective range  [1e-02, 9e+02]
  bounds range     [9e+00, 1e+03]
  rhs range        [0e+00, 0e+00]
-------------------------------------------------------------------
 iteration    simulation      bound        time (s)     solves  pid
-------------------------------------------------------------------
         1   2.094763e+03  7.818800e+02  1.215310e-01       662   1
        15   4.908942e+03  8.584595e+02  1.431480e+00      6970   1
        25   3.761672e+02  8.584595e+02  2.474930e+00     11176   1
        37   2.270323e+03  8.584595e+02  3.684802e+00     14050   1
        40   7.898112e+02  8.584595e+02  3.887102e+00     14463   1
-------------------------------------------------------------------
status         : simulation_stopping
total time (s) : 3.887102e+00
total solves   : 14463
best bound     :  8.584595e+02
simulation ci  :  7.891840e+02 ± 2.755886e+02
numeric issues : 0
-------------------------------------------------------------------

