-------------------------------------------------------------------
         SDDP.jl (c) Oscar Dowson and contributors, 2017-24
-------------------------------------------------------------------
problem
  nodes           : 2
  state variables : 0
  scenarios       : Inf
  existing cuts   : false
options
  solver          : serial mode
  risk measure    : SDDP.Expectation()
  sampling scheme : SDDP.InSampleMonteCarlo
subproblem structure
  VariableRef                                  : [22, 22]
  JuMP.AffExpr in MOI.EqualTo{Float64}         : [4, 4]
  JuMP.VariableRef in MOI.GreaterThan{Float64} : [17, 17]
  JuMP.VariableRef in MOI.LessThan{Float64}    : [9, 9]
  JuMP.VariableRef in MOI.Parameter{Float64}   : [5, 5]
numerical stability report
  matrix range     [1e+00, 2e+03]
  objective range  [1e-02, 9e+02]
  bounds range     [9e+00, 1e+03]
  rhs range        [0e+00, 0e+00]
-------------------------------------------------------------------
 iteration    simulation      bound        time (s)     solves  pid
-------------------------------------------------------------------
         1   1.017676e+03  6.324003e+02  6.949091e-02       363   1
        12   2.090458e+03  8.584590e+02  1.180846e+00      6192   1
        21   6.960434e+02  8.584595e+02  2.261958e+00     10762   1
        32   1.794896e+03  8.584595e+02  3.384294e+00     13650   1
        40   1.201544e+02  8.584595e+02  4.328247e+00     15501   1
-------------------------------------------------------------------
status         : simulation_stopping
total time (s) : 4.328247e+00
total solves   : 15501
best bound     :  8.584595e+02
simulation ci  :  8.322224e+02 ± 2.161997e+02
numeric issues : 0
-------------------------------------------------------------------

