-------------------------------------------------------------------
         SDDP.jl (c) Oscar Dowson and contributors, 2017-24
-------------------------------------------------------------------
problem
  nodes           : 2
  state variables : 1
  scenarios       : Inf
  existing cuts   : false
options
  solver          : serial mode
  risk measure    : SDDP.Expectation()
  sampling scheme : SDDP.InSampleMonteCarlo
subproblem structure
  VariableRef                                  : [13, 13]
  JuMP.AffExpr in MOI.EqualTo{Float64}         : [4, 4]
  JuMP.VariableRef in MOI.GreaterThan{Float64} : [10, 10]
  JuMP.VariableRef in MOI.LessThan{Float64}    : [6, 6]
  JuMP.VariableRef in MOI.Parameter{Float64}   : [2, 2]
numerical stability report
  matrix range     [1e+00, 1e+03]
  objective range  [1e-02, 9e+02]
  bounds range     [1e+01, 1e+03]
  rhs range        [0e+00, 0e+00]
-------------------------------------------------------------------
 iteration    simulation      bound        time (s)     solves  pid
-------------------------------------------------------------------
         1   1.036800e+01  0.000000e+00  5.541992e-02       103   1
        16   0.000000e+00  0.000000e+00  1.069634e+00      1677   1
        20   0.000000e+00  0.000000e+00  1.208743e+00      1789   1
-------------------------------------------------------------------
status         : simulation_stopping
total time (s) : 1.208743e+00
total solves   : 1789
best bound     :  0.000000e+00
simulation ci  :  5.184000e-01 ± 1.016064e+00
numeric issues : 0
-------------------------------------------------------------------

