-------------------------------------------------------------------
         SDDP.jl (c) Oscar Dowson and contributors, 2017-24
-------------------------------------------------------------------
problem
  nodes           : 2
  state variables : 0
  scenarios       : Inf
  existing cuts   : false
options
  solver          : serial mode
  risk measure    : SDDP.Expectation()
  sampling scheme : SDDP.InSampleMonteCarlo
subproblem structure
  VariableRef                                  : [22, 22]
  JuMP.AffExpr in MOI.EqualTo{Float64}         : [4, 4]
  JuMP.VariableRef in MOI.GreaterThan{Float64} : [17, 17]
  JuMP.VariableRef in MOI.LessThan{Float64}    : [9, 9]
  JuMP.VariableRef in MOI.Parameter{Float64}   : [5, 5]
numerical stability report
  matrix range     [1e+00, 2e+03]
  objective range  [1e-02, 9e+02]
  bounds range     [9e+00, 1e+03]
  rhs range        [0e+00, 0e+00]
-------------------------------------------------------------------
 iteration    simulation      bound        time (s)     solves  pid
-------------------------------------------------------------------
         1   1.400947e+03  6.886179e+02  8.499193e-02       441   1
        12   2.165718e+03  8.584593e+02  1.227237e+00      6295   1
        21   8.390008e+02  8.584595e+02  2.321147e+00     10864   1
        28   5.272827e+03  8.584595e+02  3.642263e+00     14029   1
        32   2.961910e+03  8.584595e+02  4.659706e+00     15845   1
        38   2.111657e+03  8.584595e+02  6.183887e+00     17828   1
        40   1.570643e+01  8.584595e+02  6.395185e+00     18086   1
-------------------------------------------------------------------
status         : simulation_stopping
total time (s) : 6.395185e+00
total solves   : 18086
best bound     :  8.584595e+02
simulation ci  :  1.068203e+03 ± 3.421428e+02
numeric issues : 0
-------------------------------------------------------------------

