-------------------------------------------------------------------
         SDDP.jl (c) Oscar Dowson and contributors, 2017-24
-------------------------------------------------------------------
problem
  nodes           : 4
  state variables : 0
  scenarios       : Inf
  existing cuts   : false
options
  solver          : serial mode
  risk measure    : SDDP.Expectation()
  sampling scheme : SDDP.InSampleMonteCarlo
subproblem structure
  VariableRef                                  : [4, 5]
  JuMP.AffExpr in MOI.EqualTo{Float64}         : [1, 1]
  JuMP.VariableRef in MOI.GreaterThan{Float64} : [3, 4]
  JuMP.VariableRef in MOI.LessThan{Float64}    : [1, 2]
  JuMP.VariableRef in MOI.Parameter{Float64}   : [1, 1]
numerical stability report
  matrix range     [1e+00, 1e+03]
  objective range  [3e-03, 3e+00]
  bounds range     [5e+02, 7e+02]
  rhs range        [0e+00, 0e+00]
-------------------------------------------------------------------
 iteration    simulation      bound        time (s)     solves  pid
-------------------------------------------------------------------
         1   2.966400e-01  2.253229e-01  4.034781e-02        59   1
         2   3.182400e-01  3.263442e-01  1.807283e+00      4092   1
        17   9.633600e-01  4.328263e-01  2.859665e+00      5883   1
        21   5.601600e-01  4.328263e-01  4.850578e+00     10405   1
        39   1.612800e+00  4.328263e-01  6.035315e+00     11997   1
        40   5.126400e-01  4.328263e-01  6.137210e+00     12098   1
-------------------------------------------------------------------
status         : simulation_stopping
total time (s) : 6.137210e+00
total solves   : 12098
best bound     :  4.328263e-01
simulation ci  :  5.230080e-01 ± 1.696516e-01
numeric issues : 0
-------------------------------------------------------------------

