-------------------------------------------------------------------
         SDDP.jl (c) Oscar Dowson and contributors, 2017-24
-------------------------------------------------------------------
problem
  nodes           : 2
  state variables : 0
  scenarios       : Inf
  existing cuts   : false
options
  solver          : serial mode
  risk measure    : SDDP.Expectation()
  sampling scheme : SDDP.InSampleMonteCarlo
subproblem structure
  VariableRef                                  : [22, 22]
  JuMP.AffExpr in MOI.EqualTo{Float64}         : [4, 4]
  JuMP.VariableRef in MOI.GreaterThan{Float64} : [17, 17]
  JuMP.VariableRef in MOI.LessThan{Float64}    : [9, 9]
  JuMP.VariableRef in MOI.Parameter{Float64}   : [5, 5]
numerical stability report
  matrix range     [1e+00, 2e+03]
  objective range  [1e-02, 9e+02]
  bounds range     [9e+00, 1e+03]
  rhs range        [0e+00, 0e+00]
-------------------------------------------------------------------
 iteration    simulation      bound        time (s)     solves  pid
-------------------------------------------------------------------
         1   9.726344e+02  5.849279e+02  6.176782e-02       311   1
         8   1.821126e+03  8.584589e+02  1.148142e+00      6179   1
        21   3.594257e+02  8.584595e+02  2.216754e+00     10871   1
        29   9.267072e+02  8.584595e+02  3.250589e+00     13580   1
        35   5.852176e+02  8.584595e+02  4.302636e+00     15706   1
        40   7.422720e+01  8.584595e+02  5.107933e+00     16962   1
-------------------------------------------------------------------
status         : simulation_stopping
total time (s) : 5.107933e+00
total solves   : 16962
best bound     :  8.584595e+02
simulation ci  :  9.208420e+02 ± 2.630619e+02
numeric issues : 0
-------------------------------------------------------------------

