-------------------------------------------------------------------
         SDDP.jl (c) Oscar Dowson and contributors, 2017-24
-------------------------------------------------------------------
problem
  nodes           : 4
  state variables : 0
  scenarios       : Inf
  existing cuts   : false
options
  solver          : serial mode
  risk measure    : SDDP.Expectation()
  sampling scheme : SDDP.InSampleMonteCarlo
subproblem structure
  VariableRef                                  : [4, 5]
  JuMP.AffExpr in MOI.EqualTo{Float64}         : [1, 1]
  JuMP.VariableRef in MOI.GreaterThan{Float64} : [3, 4]
  JuMP.VariableRef in MOI.LessThan{Float64}    : [1, 2]
  JuMP.VariableRef in MOI.Parameter{Float64}   : [1, 1]
numerical stability report
  matrix range     [1e+00, 1e+03]
  objective range  [3e-03, 3e+00]
  bounds range     [5e+02, 7e+02]
  rhs range        [0e+00, 0e+00]
-------------------------------------------------------------------
 iteration    simulation      bound        time (s)     solves  pid
-------------------------------------------------------------------
         1   3.916800e-01  2.642473e-01  4.467702e-02        77   1
         2   9.504000e-02  2.935048e-01  1.396608e+00      3158   1
        26   1.353600e-01  4.328140e-01  3.223480e+00      7114   1
        45   1.166400e-01  4.328263e-01  3.803357e+00      8303   1
-------------------------------------------------------------------
status         : simulation_stopping
total time (s) : 3.803357e+00
total solves   : 8303
best bound     :  4.328263e-01
simulation ci  :  2.443520e-01 ± 7.239264e-02
numeric issues : 0
-------------------------------------------------------------------

