-------------------------------------------------------------------
         SDDP.jl (c) Oscar Dowson and contributors, 2017-24
-------------------------------------------------------------------
problem
  nodes           : 4
  state variables : 0
  scenarios       : Inf
  existing cuts   : false
options
  solver          : serial mode
  risk measure    : SDDP.Expectation()
  sampling scheme : SDDP.InSampleMonteCarlo
subproblem structure
  VariableRef                                  : [4, 5]
  JuMP.AffExpr in MOI.EqualTo{Float64}         : [1, 1]
  JuMP.VariableRef in MOI.GreaterThan{Float64} : [3, 4]
  JuMP.VariableRef in MOI.LessThan{Float64}    : [1, 2]
  JuMP.VariableRef in MOI.Parameter{Float64}   : [1, 1]
numerical stability report
  matrix range     [1e+00, 1e+03]
  objective range  [3e-03, 3e+00]
  bounds range     [5e+02, 7e+02]
  rhs range        [0e+00, 0e+00]
-------------------------------------------------------------------
 iteration    simulation      bound        time (s)     solves  pid
-------------------------------------------------------------------
         1   5.126400e-01  3.061704e-01  6.629014e-02       101   1
         2   2.880000e-02  3.061704e-01  2.173240e+00      4657   1
        21   1.756800e-01  4.328263e-01  5.382856e+00     11053   1
        40   1.166400e-01  4.328263e-01  6.279249e+00     12622   1
-------------------------------------------------------------------
status         : simulation_stopping
total time (s) : 6.279249e+00
total solves   : 12622
best bound     :  4.328263e-01
simulation ci  :  4.437000e-01 ± 1.102009e-01
numeric issues : 0
-------------------------------------------------------------------

