-------------------------------------------------------------------
         SDDP.jl (c) Oscar Dowson and contributors, 2017-24
-------------------------------------------------------------------
problem
  nodes           : 2
  state variables : 0
  scenarios       : Inf
  existing cuts   : false
options
  solver          : serial mode
  risk measure    : SDDP.Expectation()
  sampling scheme : SDDP.InSampleMonteCarlo
subproblem structure
  VariableRef                                  : [22, 22]
  JuMP.AffExpr in MOI.EqualTo{Float64}         : [4, 4]
  JuMP.VariableRef in MOI.GreaterThan{Float64} : [17, 17]
  JuMP.VariableRef in MOI.LessThan{Float64}    : [9, 9]
  JuMP.VariableRef in MOI.Parameter{Float64}   : [5, 5]
numerical stability report
  matrix range     [1e+00, 2e+03]
  objective range  [1e-02, 9e+02]
  bounds range     [9e+00, 1e+03]
  rhs range        [0e+00, 0e+00]
-------------------------------------------------------------------
 iteration    simulation      bound        time (s)     solves  pid
-------------------------------------------------------------------
         1   7.095201e+02  5.274862e+02  5.504704e-02       259   1
        15   2.130314e+03  8.584585e+02  1.159751e+00      6219   1
        21   3.591126e+03  8.584595e+02  2.345130e+00     11186   1
        29   6.958864e+02  8.584595e+02  3.363966e+00     13778   1
        36   9.548527e+02  8.584595e+02  4.395679e+00     15786   1
        40   3.363990e+03  8.584595e+02  6.043008e+00     18044   1
-------------------------------------------------------------------
status         : simulation_stopping
total time (s) : 6.043008e+00
total solves   : 18044
best bound     :  8.584595e+02
simulation ci  :  9.989085e+02 ± 3.201274e+02
numeric issues : 0
-------------------------------------------------------------------

