-------------------------------------------------------------------
         SDDP.jl (c) Oscar Dowson and contributors, 2017-24
-------------------------------------------------------------------
problem
  nodes           : 2
  state variables : 0
  scenarios       : Inf
  existing cuts   : false
options
  solver          : serial mode
  risk measure    : SDDP.Expectation()
  sampling scheme : SDDP.InSampleMonteCarlo
subproblem structure
  VariableRef                                  : [22, 22]
  JuMP.AffExpr in MOI.EqualTo{Float64}         : [4, 4]
  JuMP.VariableRef in MOI.GreaterThan{Float64} : [17, 17]
  JuMP.VariableRef in MOI.LessThan{Float64}    : [9, 9]
  JuMP.VariableRef in MOI.Parameter{Float64}   : [5, 5]
numerical stability report
  matrix range     [1e+00, 2e+03]
  objective range  [1e-02, 9e+02]
  bounds range     [9e+00, 1e+03]
  rhs range        [0e+00, 0e+00]
-------------------------------------------------------------------
 iteration    simulation      bound        time (s)     solves  pid
-------------------------------------------------------------------
         1   8.652304e+02  5.940862e+02  6.485295e-02       324   1
        15   1.651926e+03  8.584584e+02  1.172442e+00      6342   1
        25   2.239222e+03  8.584595e+02  2.396487e+00     11558   1
        32   2.222169e+03  8.584595e+02  3.426557e+00     14164   1
        40   1.869688e+02  8.584595e+02  4.355150e+00     16015   1
-------------------------------------------------------------------
status         : simulation_stopping
total time (s) : 4.355150e+00
total solves   : 16015
best bound     :  8.584595e+02
simulation ci  :  8.350668e+02 ± 1.980305e+02
numeric issues : 0
-------------------------------------------------------------------

