-------------------------------------------------------------------
         SDDP.jl (c) Oscar Dowson and contributors, 2017-24
-------------------------------------------------------------------
problem
  nodes           : 4
  state variables : 0
  scenarios       : Inf
  existing cuts   : false
options
  solver          : serial mode
  risk measure    : SDDP.Expectation()
  sampling scheme : SDDP.InSampleMonteCarlo
subproblem structure
  VariableRef                                  : [4, 5]
  JuMP.AffExpr in MOI.EqualTo{Float64}         : [1, 1]
  JuMP.VariableRef in MOI.GreaterThan{Float64} : [3, 4]
  JuMP.VariableRef in MOI.LessThan{Float64}    : [1, 2]
  JuMP.VariableRef in MOI.Parameter{Float64}   : [1, 1]
numerical stability report
  matrix range     [1e+00, 1e+03]
  objective range  [3e-03, 3e+00]
  bounds range     [5e+02, 7e+02]
  rhs range        [0e+00, 0e+00]
-------------------------------------------------------------------
 iteration    simulation      bound        time (s)     solves  pid
-------------------------------------------------------------------
         1   9.504000e-02  9.864004e-02  1.639199e-02        19   1
         2   4.723200e-01  3.156960e-01  1.748510e+00      4000   1
        21   5.932800e-01  4.328262e-01  4.192213e+00      9289   1
        40   9.504000e-02  4.328263e-01  5.024267e+00     10712   1
-------------------------------------------------------------------
status         : simulation_stopping
total time (s) : 5.024267e+00
total solves   : 10712
best bound     :  4.328263e-01
simulation ci  :  3.697560e-01 ± 1.040227e-01
numeric issues : 0
-------------------------------------------------------------------

