-------------------------------------------------------------------
         SDDP.jl (c) Oscar Dowson and contributors, 2017-24
-------------------------------------------------------------------
problem
  nodes           : 2
  state variables : 0
  scenarios       : Inf
  existing cuts   : false
options
  solver          : serial mode
  risk measure    : SDDP.Expectation()
  sampling scheme : SDDP.InSampleMonteCarlo
subproblem structure
  VariableRef                                  : [22, 22]
  JuMP.AffExpr in MOI.EqualTo{Float64}         : [4, 4]
  JuMP.VariableRef in MOI.GreaterThan{Float64} : [17, 17]
  JuMP.VariableRef in MOI.LessThan{Float64}    : [9, 9]
  JuMP.VariableRef in MOI.Parameter{Float64}   : [5, 5]
numerical stability report
  matrix range     [1e+00, 2e+03]
  objective range  [1e-02, 9e+02]
  bounds range     [9e+00, 1e+03]
  rhs range        [0e+00, 0e+00]
-------------------------------------------------------------------
 iteration    simulation      bound        time (s)     solves  pid
-------------------------------------------------------------------
         1   1.777920e+01  7.804177e+01  1.732802e-02        25   1
        14   1.612073e+03  8.584575e+02  1.046548e+00      5873   1
        18   6.591077e+03  8.584595e+02  2.427362e+00     10094   1
        23   4.566152e+02  8.584595e+02  3.449287e+00     13831   1
        32   4.816357e+03  8.584595e+02  5.410985e+00     17085   1
        40   8.462617e+02  8.584595e+02  6.501558e+00     18481   1
-------------------------------------------------------------------
status         : simulation_stopping
total time (s) : 6.501558e+00
total solves   : 18481
best bound     :  8.584595e+02
simulation ci  :  1.073948e+03 ± 4.034490e+02
numeric issues : 0
-------------------------------------------------------------------

