-------------------------------------------------------------------
         SDDP.jl (c) Oscar Dowson and contributors, 2017-24
-------------------------------------------------------------------
problem
  nodes           : 4
  state variables : 0
  scenarios       : Inf
  existing cuts   : false
options
  solver          : serial mode
  risk measure    : SDDP.Expectation()
  sampling scheme : SDDP.InSampleMonteCarlo
subproblem structure
  VariableRef                                  : [4, 5]
  JuMP.AffExpr in MOI.EqualTo{Float64}         : [1, 1]
  JuMP.VariableRef in MOI.GreaterThan{Float64} : [3, 4]
  JuMP.VariableRef in MOI.LessThan{Float64}    : [1, 2]
  JuMP.VariableRef in MOI.Parameter{Float64}   : [1, 1]
numerical stability report
  matrix range     [1e+00, 1e+03]
  objective range  [3e-03, 3e+00]
  bounds range     [5e+02, 7e+02]
  rhs range        [0e+00, 0e+00]
-------------------------------------------------------------------
 iteration    simulation      bound        time (s)     solves  pid
-------------------------------------------------------------------
         1   1.209600e-01  1.184564e-01  2.115607e-02        25   1
         2   1.128960e+00  4.110268e-01  2.260825e+00      4755   1
        21   8.611200e-01  4.328263e-01  5.308146e+00     11121   1
        37   4.032000e-01  4.328263e-01  6.340195e+00     12699   1
        40   1.756800e-01  4.328263e-01  6.481939e+00     12896   1
-------------------------------------------------------------------
status         : simulation_stopping
total time (s) : 6.481939e+00
total solves   : 12896
best bound     :  4.328263e-01
simulation ci  :  4.894200e-01 ± 1.626564e-01
numeric issues : 0
-------------------------------------------------------------------

