-------------------------------------------------------------------
         SDDP.jl (c) Oscar Dowson and contributors, 2017-24
-------------------------------------------------------------------
problem
  nodes           : 4
  state variables : 0
  scenarios       : Inf
  existing cuts   : false
options
  solver          : serial mode
  risk measure    : SDDP.Expectation()
  sampling scheme : SDDP.InSampleMonteCarlo
subproblem structure
  VariableRef                                  : [4, 5]
  JuMP.AffExpr in MOI.EqualTo{Float64}         : [1, 1]
  JuMP.VariableRef in MOI.GreaterThan{Float64} : [3, 4]
  JuMP.VariableRef in MOI.LessThan{Float64}    : [1, 2]
  JuMP.VariableRef in MOI.Parameter{Float64}   : [1, 1]
numerical stability report
  matrix range     [1e+00, 1e+03]
  objective range  [3e-03, 3e+00]
  bounds range     [5e+02, 7e+02]
  rhs range        [0e+00, 0e+00]
-------------------------------------------------------------------
 iteration    simulation      bound        time (s)     solves  pid
-------------------------------------------------------------------
         1   2.304000e-01  1.860098e-01  3.081799e-02        45   1
         2   6.451200e-01  3.791118e-01  2.226863e+00      4704   1
        21   1.062720e+00  4.328263e-01  5.539040e+00     11273   1
        40   1.612800e-01  4.328263e-01  6.389702e+00     12766   1
-------------------------------------------------------------------
status         : simulation_stopping
total time (s) : 6.389702e+00
total solves   : 12766
best bound     :  4.328263e-01
simulation ci  :  4.658760e-01 ± 1.377457e-01
numeric issues : 0
-------------------------------------------------------------------

