-------------------------------------------------------------------
         SDDP.jl (c) Oscar Dowson and contributors, 2017-24
-------------------------------------------------------------------
problem
  nodes           : 2
  state variables : 1
  scenarios       : Inf
  existing cuts   : false
options
  solver          : serial mode
  risk measure    : SDDP.Expectation()
  sampling scheme : SDDP.InSampleMonteCarlo
subproblem structure
  VariableRef                                  : [13, 13]
  JuMP.AffExpr in MOI.EqualTo{Float64}         : [4, 4]
  JuMP.VariableRef in MOI.GreaterThan{Float64} : [10, 10]
  JuMP.VariableRef in MOI.LessThan{Float64}    : [6, 6]
  JuMP.VariableRef in MOI.Parameter{Float64}   : [2, 2]
numerical stability report
  matrix range     [1e+00, 1e+03]
  objective range  [1e-02, 9e+02]
  bounds range     [1e+01, 1e+03]
  rhs range        [0e+00, 0e+00]
-------------------------------------------------------------------
 iteration    simulation      bound        time (s)     solves  pid
-------------------------------------------------------------------
         1   0.000000e+00  0.000000e+00  5.867958e-03         7   1
        26   0.000000e+00  0.000000e+00  1.081971e+00      3072   1
        32   0.000000e+00  0.000000e+00  2.117600e+00      3618   1
        39   0.000000e+00  0.000000e+00  3.212070e+00      3999   1
        40   0.000000e+00  0.000000e+00  3.291090e+00      4022   1
-------------------------------------------------------------------
status         : simulation_stopping
total time (s) : 3.291090e+00
total solves   : 4022
best bound     :  0.000000e+00
simulation ci  :  3.014836e-01 ± 5.909079e-01
numeric issues : 0
-------------------------------------------------------------------

