-------------------------------------------------------------------
         SDDP.jl (c) Oscar Dowson and contributors, 2017-24
-------------------------------------------------------------------
problem
  nodes           : 2
  state variables : 0
  scenarios       : Inf
  existing cuts   : false
options
  solver          : serial mode
  risk measure    : SDDP.Expectation()
  sampling scheme : SDDP.InSampleMonteCarlo
subproblem structure
  VariableRef                                  : [22, 22]
  JuMP.AffExpr in MOI.EqualTo{Float64}         : [4, 4]
  JuMP.VariableRef in MOI.GreaterThan{Float64} : [17, 17]
  JuMP.VariableRef in MOI.LessThan{Float64}    : [9, 9]
  JuMP.VariableRef in MOI.Parameter{Float64}   : [5, 5]
numerical stability report
  matrix range     [1e+00, 2e+03]
  objective range  [1e-02, 9e+02]
  bounds range     [9e+00, 1e+03]
  rhs range        [0e+00, 0e+00]
-------------------------------------------------------------------
 iteration    simulation      bound        time (s)     solves  pid
-------------------------------------------------------------------
         1   9.895304e+02  6.324003e+02  7.257485e-02       363   1
        17   1.367613e+03  8.584581e+02  1.121780e+00      5949   1
        28   5.871360e+02  8.584595e+02  2.169654e+00     10383   1
        38   5.108335e+02  8.584595e+02  3.202121e+00     13103   1
        40   1.157687e+03  8.584595e+02  3.534856e+00     13816   1
-------------------------------------------------------------------
status         : simulation_stopping
total time (s) : 3.534856e+00
total solves   : 13816
best bound     :  8.584595e+02
simulation ci  :  7.235139e+02 ± 2.250711e+02
numeric issues : 0
-------------------------------------------------------------------

