-------------------------------------------------------------------
         SDDP.jl (c) Oscar Dowson and contributors, 2017-24
-------------------------------------------------------------------
problem
  nodes           : 4
  state variables : 0
  scenarios       : Inf
  existing cuts   : false
options
  solver          : serial mode
  risk measure    : SDDP.Expectation()
  sampling scheme : SDDP.InSampleMonteCarlo
subproblem structure
  VariableRef                                  : [4, 5]
  JuMP.AffExpr in MOI.EqualTo{Float64}         : [1, 1]
  JuMP.VariableRef in MOI.GreaterThan{Float64} : [3, 4]
  JuMP.VariableRef in MOI.LessThan{Float64}    : [1, 2]
  JuMP.VariableRef in MOI.Parameter{Float64}   : [1, 1]
numerical stability report
  matrix range     [1e+00, 1e+03]
  objective range  [3e-03, 3e+00]
  bounds range     [5e+02, 7e+02]
  rhs range        [0e+00, 0e+00]
-------------------------------------------------------------------
 iteration    simulation      bound        time (s)     solves  pid
-------------------------------------------------------------------
         1   1.205280e+00  4.080216e-01  1.272111e-01       239   1
         2   1.008000e+00  4.305369e-01  1.881456e+00      4046   1
        21   3.628800e-01  4.328263e-01  4.485441e+00      9393   1
        40   1.440000e-02  4.328263e-01  5.170678e+00     10706   1
-------------------------------------------------------------------
status         : simulation_stopping
total time (s) : 5.170678e+00
total solves   : 10706
best bound     :  4.328263e-01
simulation ci  :  4.404960e-01 ± 1.194140e-01
numeric issues : 0
-------------------------------------------------------------------

