-------------------------------------------------------------------
         SDDP.jl (c) Oscar Dowson and contributors, 2017-24
-------------------------------------------------------------------
problem
  nodes           : 2
  state variables : 0
  scenarios       : Inf
  existing cuts   : false
options
  solver          : serial mode
  risk measure    : SDDP.Expectation()
  sampling scheme : SDDP.InSampleMonteCarlo
subproblem structure
  VariableRef                                  : [22, 22]
  JuMP.AffExpr in MOI.EqualTo{Float64}         : [4, 4]
  JuMP.VariableRef in MOI.GreaterThan{Float64} : [17, 17]
  JuMP.VariableRef in MOI.LessThan{Float64}    : [9, 9]
  JuMP.VariableRef in MOI.Parameter{Float64}   : [5, 5]
numerical stability report
  matrix range     [1e+00, 2e+03]
  objective range  [1e-02, 9e+02]
  bounds range     [9e+00, 1e+03]
  rhs range        [0e+00, 0e+00]
-------------------------------------------------------------------
 iteration    simulation      bound        time (s)     solves  pid
-------------------------------------------------------------------
         1   4.200192e+02  3.738815e+02  3.787112e-02       155   1
         8   8.650735e+02  8.584483e+02  1.055881e+00      5981   1
        21   2.570504e+02  8.584595e+02  2.072056e+00     10943   1
        30   2.136699e+03  8.584595e+02  3.342584e+00     14457   1
        36   6.572176e+02  8.584595e+02  4.382551e+00     16570   1
        40   1.765867e+03  8.584595e+02  5.345270e+00     18035   1
-------------------------------------------------------------------
status         : simulation_stopping
total time (s) : 5.345270e+00
total solves   : 18035
best bound     :  8.584595e+02
simulation ci  :  9.221047e+02 ± 2.170585e+02
numeric issues : 0
-------------------------------------------------------------------

