-------------------------------------------------------------------
         SDDP.jl (c) Oscar Dowson and contributors, 2017-24
-------------------------------------------------------------------
problem
  nodes           : 4
  state variables : 0
  scenarios       : Inf
  existing cuts   : false
options
  solver          : serial mode
  risk measure    : SDDP.Expectation()
  sampling scheme : SDDP.InSampleMonteCarlo
subproblem structure
  VariableRef                                  : [4, 5]
  JuMP.AffExpr in MOI.EqualTo{Float64}         : [1, 1]
  JuMP.VariableRef in MOI.GreaterThan{Float64} : [3, 4]
  JuMP.VariableRef in MOI.LessThan{Float64}    : [1, 2]
  JuMP.VariableRef in MOI.Parameter{Float64}   : [1, 1]
numerical stability report
  matrix range     [1e+00, 1e+03]
  objective range  [3e-03, 3e+00]
  bounds range     [5e+02, 7e+02]
  rhs range        [0e+00, 0e+00]
-------------------------------------------------------------------
 iteration    simulation      bound        time (s)     solves  pid
-------------------------------------------------------------------
         1   4.032000e-02  5.243875e-02  1.174092e-02         9   1
         2   1.900800e-01  1.730165e-01  1.907284e+00      4156   1
        21   2.707200e-01  4.328263e-01  4.803616e+00     10111   1
        40   3.988800e-01  4.328263e-01  5.695722e+00     11768   1
-------------------------------------------------------------------
status         : simulation_stopping
total time (s) : 5.695722e+00
total solves   : 11768
best bound     :  4.328263e-01
simulation ci  :  4.463280e-01 ± 1.194438e-01
numeric issues : 0
-------------------------------------------------------------------

