-------------------------------------------------------------------
         SDDP.jl (c) Oscar Dowson and contributors, 2017-24
-------------------------------------------------------------------
problem
  nodes           : 4
  state variables : 0
  scenarios       : Inf
  existing cuts   : false
options
  solver          : serial mode
  risk measure    : SDDP.Expectation()
  sampling scheme : SDDP.InSampleMonteCarlo
subproblem structure
  VariableRef                                  : [4, 5]
  JuMP.AffExpr in MOI.EqualTo{Float64}         : [1, 1]
  JuMP.VariableRef in MOI.GreaterThan{Float64} : [3, 4]
  JuMP.VariableRef in MOI.LessThan{Float64}    : [1, 2]
  JuMP.VariableRef in MOI.Parameter{Float64}   : [1, 1]
numerical stability report
  matrix range     [1e+00, 1e+03]
  objective range  [3e-03, 3e+00]
  bounds range     [5e+02, 7e+02]
  rhs range        [0e+00, 0e+00]
-------------------------------------------------------------------
 iteration    simulation      bound        time (s)     solves  pid
-------------------------------------------------------------------
         1   3.988800e-01  2.659530e-01  4.724407e-02        79   1
         2   4.032000e-02  2.811233e-01  2.053980e+00      4294   1
        21   4.032000e-01  4.328263e-01  4.886826e+00     10307   1
        40   1.353600e-01  4.328263e-01  5.803726e+00     11774   1
-------------------------------------------------------------------
status         : simulation_stopping
total time (s) : 5.803726e+00
total solves   : 11774
best bound     :  4.328263e-01
simulation ci  :  4.241160e-01 ± 8.140036e-02
numeric issues : 0
-------------------------------------------------------------------

