-------------------------------------------------------------------
         SDDP.jl (c) Oscar Dowson and contributors, 2017-24
-------------------------------------------------------------------
problem
  nodes           : 2
  state variables : 0
  scenarios       : Inf
  existing cuts   : false
options
  solver          : serial mode
  risk measure    : SDDP.Expectation()
  sampling scheme : SDDP.InSampleMonteCarlo
subproblem structure
  VariableRef                                  : [22, 22]
  JuMP.AffExpr in MOI.EqualTo{Float64}         : [4, 4]
  JuMP.VariableRef in MOI.GreaterThan{Float64} : [17, 17]
  JuMP.VariableRef in MOI.LessThan{Float64}    : [9, 9]
  JuMP.VariableRef in MOI.Parameter{Float64}   : [5, 5]
numerical stability report
  matrix range     [1e+00, 2e+03]
  objective range  [1e-02, 9e+02]
  bounds range     [9e+00, 1e+03]
  rhs range        [0e+00, 0e+00]
-------------------------------------------------------------------
 iteration    simulation      bound        time (s)     solves  pid
-------------------------------------------------------------------
         1   3.875712e+02  3.254237e+02  3.499985e-02       129   1
        10   1.652814e+03  8.584431e+02  1.045992e+00      5579   1
        19   2.407219e+03  8.584595e+02  2.091709e+00      8989   1
        28   2.528566e+03  8.584595e+02  3.369513e+00     13555   1
        38   7.961864e+02  8.584595e+02  4.502841e+00     15807   1
        40   7.575201e+02  8.584595e+02  5.343921e+00     17092   1
-------------------------------------------------------------------
status         : simulation_stopping
total time (s) : 5.343921e+00
total solves   : 17092
best bound     :  8.584595e+02
simulation ci  :  9.052556e+02 ± 2.232977e+02
numeric issues : 0
-------------------------------------------------------------------

