-------------------------------------------------------------------
         SDDP.jl (c) Oscar Dowson and contributors, 2017-24
-------------------------------------------------------------------
problem
  nodes           : 2
  state variables : 0
  scenarios       : Inf
  existing cuts   : false
options
  solver          : serial mode
  risk measure    : SDDP.Expectation()
  sampling scheme : SDDP.InSampleMonteCarlo
subproblem structure
  VariableRef                                  : [22, 22]
  JuMP.AffExpr in MOI.EqualTo{Float64}         : [4, 4]
  JuMP.VariableRef in MOI.GreaterThan{Float64} : [17, 17]
  JuMP.VariableRef in MOI.LessThan{Float64}    : [9, 9]
  JuMP.VariableRef in MOI.Parameter{Float64}   : [5, 5]
numerical stability report
  matrix range     [1e+00, 2e+03]
  objective range  [1e-02, 9e+02]
  bounds range     [9e+00, 1e+03]
  rhs range        [0e+00, 0e+00]
-------------------------------------------------------------------
 iteration    simulation      bound        time (s)     solves  pid
-------------------------------------------------------------------
         1   4.638737e+02  3.738815e+02  3.945589e-02       155   1
        11   1.420802e+03  8.584563e+02  1.083154e+00      5675   1
        21   1.411468e+03  8.584595e+02  2.380552e+00     11013   1
        28   2.273439e+03  8.584595e+02  3.586699e+00     13918   1
        32   2.938940e+03  8.584595e+02  4.909157e+00     16176   1
        37   2.376844e+03  8.584595e+02  6.194371e+00     17783   1
        40   2.872712e+02  8.584595e+02  6.303264e+00     17936   1
-------------------------------------------------------------------
status         : simulation_stopping
total time (s) : 6.303264e+00
total solves   : 17936
best bound     :  8.584595e+02
simulation ci  :  1.025742e+03 ± 2.638602e+02
numeric issues : 0
-------------------------------------------------------------------

