-------------------------------------------------------------------
         SDDP.jl (c) Oscar Dowson and contributors, 2017-24
-------------------------------------------------------------------
problem
  nodes           : 2
  state variables : 0
  scenarios       : Inf
  existing cuts   : false
options
  solver          : serial mode
  risk measure    : SDDP.Expectation()
  sampling scheme : SDDP.InSampleMonteCarlo
subproblem structure
  VariableRef                                  : [22, 22]
  JuMP.AffExpr in MOI.EqualTo{Float64}         : [4, 4]
  JuMP.VariableRef in MOI.GreaterThan{Float64} : [17, 17]
  JuMP.VariableRef in MOI.LessThan{Float64}    : [9, 9]
  JuMP.VariableRef in MOI.Parameter{Float64}   : [5, 5]
numerical stability report
  matrix range     [1e+00, 2e+03]
  objective range  [1e-02, 9e+02]
  bounds range     [9e+00, 1e+03]
  rhs range        [0e+00, 0e+00]
-------------------------------------------------------------------
 iteration    simulation      bound        time (s)     solves  pid
-------------------------------------------------------------------
         1   1.807480e+02  2.134862e+02  2.607083e-02        77   1
        15   3.280103e+02  8.584511e+02  1.027011e+00      5618   1
        28   2.034471e+03  8.584595e+02  2.089772e+00     10432   1
        40   6.717295e+02  8.584595e+02  3.180187e+00     13436   1
-------------------------------------------------------------------
status         : simulation_stopping
total time (s) : 3.180187e+00
total solves   : 13436
best bound     :  8.584595e+02
simulation ci  :  6.473630e+02 ± 1.837180e+02
numeric issues : 0
-------------------------------------------------------------------

