-------------------------------------------------------------------
         SDDP.jl (c) Oscar Dowson and contributors, 2017-24
-------------------------------------------------------------------
problem
  nodes           : 4
  state variables : 0
  scenarios       : Inf
  existing cuts   : false
options
  solver          : serial mode
  risk measure    : SDDP.Expectation()
  sampling scheme : SDDP.InSampleMonteCarlo
subproblem structure
  VariableRef                                  : [4, 5]
  JuMP.AffExpr in MOI.EqualTo{Float64}         : [1, 1]
  JuMP.VariableRef in MOI.GreaterThan{Float64} : [3, 4]
  JuMP.VariableRef in MOI.LessThan{Float64}    : [1, 2]
  JuMP.VariableRef in MOI.Parameter{Float64}   : [1, 1]
numerical stability report
  matrix range     [1e+00, 1e+03]
  objective range  [3e-03, 3e+00]
  bounds range     [5e+02, 7e+02]
  rhs range        [0e+00, 0e+00]
-------------------------------------------------------------------
 iteration    simulation      bound        time (s)     solves  pid
-------------------------------------------------------------------
         1   1.756800e-01  1.566393e-01  2.409005e-02        35   1
         2   1.569600e-01  2.253229e-01  2.005260e+00      4455   1
        21   4.723200e-01  4.328263e-01  4.723334e+00     10381   1
        40   2.822400e-01  4.328263e-01  5.708558e+00     12316   1
-------------------------------------------------------------------
status         : simulation_stopping
total time (s) : 5.708558e+00
total solves   : 12316
best bound     :  4.328263e-01
simulation ci  :  4.454640e-01 ± 1.462545e-01
numeric issues : 0
-------------------------------------------------------------------

