-------------------------------------------------------------------
         SDDP.jl (c) Oscar Dowson and contributors, 2017-24
-------------------------------------------------------------------
problem
  nodes           : 2
  state variables : 0
  scenarios       : Inf
  existing cuts   : false
options
  solver          : serial mode
  risk measure    : SDDP.Expectation()
  sampling scheme : SDDP.InSampleMonteCarlo
subproblem structure
  VariableRef                                  : [22, 22]
  JuMP.AffExpr in MOI.EqualTo{Float64}         : [4, 4]
  JuMP.VariableRef in MOI.GreaterThan{Float64} : [17, 17]
  JuMP.VariableRef in MOI.LessThan{Float64}    : [9, 9]
  JuMP.VariableRef in MOI.Parameter{Float64}   : [5, 5]
numerical stability report
  matrix range     [1e+00, 2e+03]
  objective range  [1e-02, 9e+02]
  bounds range     [9e+00, 1e+03]
  rhs range        [0e+00, 0e+00]
-------------------------------------------------------------------
 iteration    simulation      bound        time (s)     solves  pid
-------------------------------------------------------------------
         1   3.311232e+02  2.721201e+02  3.078890e-02       103   1
        13   8.704161e+02  8.584526e+02  1.036904e+00      5441   1
        21   4.524672e+02  8.584595e+02  2.113335e+00      9977   1
        32   3.563128e+02  8.584595e+02  3.161040e+00     12722   1
        38   1.328950e+03  8.584595e+02  4.328904e+00     14965   1
        40   3.917167e+02  8.584595e+02  4.594730e+00     15392   1
-------------------------------------------------------------------
status         : simulation_stopping
total time (s) : 4.594730e+00
total solves   : 15392
best bound     :  8.584595e+02
simulation ci  :  8.216928e+02 ± 2.333035e+02
numeric issues : 0
-------------------------------------------------------------------

