-------------------------------------------------------------------
         SDDP.jl (c) Oscar Dowson and contributors, 2017-24
-------------------------------------------------------------------
problem
  nodes           : 2
  state variables : 0
  scenarios       : Inf
  existing cuts   : false
options
  solver          : serial mode
  risk measure    : SDDP.Expectation()
  sampling scheme : SDDP.InSampleMonteCarlo
subproblem structure
  VariableRef                                  : [22, 22]
  JuMP.AffExpr in MOI.EqualTo{Float64}         : [4, 4]
  JuMP.VariableRef in MOI.GreaterThan{Float64} : [17, 17]
  JuMP.VariableRef in MOI.LessThan{Float64}    : [9, 9]
  JuMP.VariableRef in MOI.Parameter{Float64}   : [5, 5]
numerical stability report
  matrix range     [1e+00, 2e+03]
  objective range  [1e-02, 9e+02]
  bounds range     [9e+00, 1e+03]
  rhs range        [0e+00, 0e+00]
-------------------------------------------------------------------
 iteration    simulation      bound        time (s)     solves  pid
-------------------------------------------------------------------
         1   5.025425e+02  3.901061e+02  4.265881e-02       168   1
        10   3.197192e+02  8.584561e+02  1.053908e+00      5598   1
        17   2.166035e+03  8.584595e+02  2.144873e+00      9114   1
        22   1.522134e+03  8.584595e+02  3.152495e+00     12793   1
        26   1.284938e+03  8.584595e+02  4.319960e+00     14856   1
        34   1.581698e+03  8.584595e+02  5.575204e+00     16564   1
        36   7.422720e+01  8.584595e+02  6.599703e+00     17719   1
        40   4.177920e+01  8.584595e+02  7.025874e+00     18209   1
-------------------------------------------------------------------
status         : simulation_stopping
total time (s) : 7.025874e+00
total solves   : 18209
best bound     :  8.584595e+02
simulation ci  :  1.042580e+03 ± 3.394893e+02
numeric issues : 0
-------------------------------------------------------------------

