-------------------------------------------------------------------
         SDDP.jl (c) Oscar Dowson and contributors, 2017-24
-------------------------------------------------------------------
problem
  nodes           : 4
  state variables : 0
  scenarios       : Inf
  existing cuts   : false
options
  solver          : serial mode
  risk measure    : SDDP.Expectation()
  sampling scheme : SDDP.InSampleMonteCarlo
subproblem structure
  VariableRef                                  : [4, 5]
  JuMP.AffExpr in MOI.EqualTo{Float64}         : [1, 1]
  JuMP.VariableRef in MOI.GreaterThan{Float64} : [3, 4]
  JuMP.VariableRef in MOI.LessThan{Float64}    : [1, 2]
  JuMP.VariableRef in MOI.Parameter{Float64}   : [1, 1]
numerical stability report
  matrix range     [1e+00, 1e+03]
  objective range  [3e-03, 3e+00]
  bounds range     [5e+02, 7e+02]
  rhs range        [0e+00, 0e+00]
-------------------------------------------------------------------
 iteration    simulation      bound        time (s)     solves  pid
-------------------------------------------------------------------
         1   4.176000e-01  2.769259e-01  4.796290e-02        83   1
         2   1.900800e-01  3.263442e-01  2.096508e+00      4681   1
        21   1.094400e-01  4.328263e-01  5.011184e+00     10627   1
        40   3.772800e-01  4.328263e-01  5.691543e+00     11972   1
-------------------------------------------------------------------
status         : simulation_stopping
total time (s) : 5.691543e+00
total solves   : 11972
best bound     :  4.328263e-01
simulation ci  :  3.585240e-01 ± 1.014185e-01
numeric issues : 0
-------------------------------------------------------------------

