-------------------------------------------------------------------
         SDDP.jl (c) Oscar Dowson and contributors, 2017-24
-------------------------------------------------------------------
problem
  nodes           : 4
  state variables : 0
  scenarios       : Inf
  existing cuts   : false
options
  solver          : serial mode
  risk measure    : SDDP.Expectation()
  sampling scheme : SDDP.InSampleMonteCarlo
subproblem structure
  VariableRef                                  : [4, 5]
  JuMP.AffExpr in MOI.EqualTo{Float64}         : [1, 1]
  JuMP.VariableRef in MOI.GreaterThan{Float64} : [3, 4]
  JuMP.VariableRef in MOI.LessThan{Float64}    : [1, 2]
  JuMP.VariableRef in MOI.Parameter{Float64}   : [1, 1]
numerical stability report
  matrix range     [1e+00, 1e+03]
  objective range  [3e-03, 3e+00]
  bounds range     [5e+02, 7e+02]
  rhs range        [0e+00, 0e+00]
-------------------------------------------------------------------
 iteration    simulation      bound        time (s)     solves  pid
-------------------------------------------------------------------
         1   9.504000e-02  9.864004e-02  1.620197e-02        19   1
         2   1.900800e-01  2.045726e-01  2.323038e+00      5085   1
        21   2.376000e-01  4.328263e-01  5.501500e+00     11781   1
        40   5.529600e-01  4.328263e-01  6.435605e+00     13568   1
-------------------------------------------------------------------
status         : simulation_stopping
total time (s) : 6.435605e+00
total solves   : 13568
best bound     :  4.328263e-01
simulation ci  :  4.424400e-01 ± 1.335227e-01
numeric issues : 0
-------------------------------------------------------------------

