-------------------------------------------------------------------
         SDDP.jl (c) Oscar Dowson and contributors, 2017-24
-------------------------------------------------------------------
problem
  nodes           : 4
  state variables : 0
  scenarios       : Inf
  existing cuts   : false
options
  solver          : serial mode
  risk measure    : SDDP.Expectation()
  sampling scheme : SDDP.InSampleMonteCarlo
subproblem structure
  VariableRef                                  : [4, 5]
  JuMP.AffExpr in MOI.EqualTo{Float64}         : [1, 1]
  JuMP.VariableRef in MOI.GreaterThan{Float64} : [3, 4]
  JuMP.VariableRef in MOI.LessThan{Float64}    : [1, 2]
  JuMP.VariableRef in MOI.Parameter{Float64}   : [1, 1]
numerical stability report
  matrix range     [1e+00, 1e+03]
  objective range  [3e-03, 3e+00]
  bounds range     [5e+02, 7e+02]
  rhs range        [0e+00, 0e+00]
-------------------------------------------------------------------
 iteration    simulation      bound        time (s)     solves  pid
-------------------------------------------------------------------
         1   6.451200e-01  3.417645e-01  7.091093e-02       129   1
         2   4.795200e-01  4.009097e-01  2.134629e+00      4598   1
        20   1.044000e+00  4.328263e-01  3.222585e+00      6786   1
        21   2.707200e-01  4.328263e-01  5.314611e+00     11213   1
        40   1.972800e-01  4.328263e-01  6.067932e+00     12532   1
-------------------------------------------------------------------
status         : simulation_stopping
total time (s) : 6.067932e+00
total solves   : 12532
best bound     :  4.328263e-01
simulation ci  :  4.766040e-01 ± 1.199807e-01
numeric issues : 0
-------------------------------------------------------------------

