-------------------------------------------------------------------
         SDDP.jl (c) Oscar Dowson and contributors, 2017-24
-------------------------------------------------------------------
problem
  nodes           : 2
  state variables : 0
  scenarios       : Inf
  existing cuts   : false
options
  solver          : serial mode
  risk measure    : SDDP.Expectation()
  sampling scheme : SDDP.InSampleMonteCarlo
subproblem structure
  VariableRef                                  : [22, 22]
  JuMP.AffExpr in MOI.EqualTo{Float64}         : [4, 4]
  JuMP.VariableRef in MOI.GreaterThan{Float64} : [17, 17]
  JuMP.VariableRef in MOI.LessThan{Float64}    : [9, 9]
  JuMP.VariableRef in MOI.Parameter{Float64}   : [5, 5]
numerical stability report
  matrix range     [1e+00, 2e+03]
  objective range  [1e-02, 9e+02]
  bounds range     [9e+00, 1e+03]
  rhs range        [0e+00, 0e+00]
-------------------------------------------------------------------
 iteration    simulation      bound        time (s)     solves  pid
-------------------------------------------------------------------
         1   5.203217e+02  4.179340e+02  4.292703e-02       181   1
        11   5.976568e+02  8.584586e+02  1.108666e+00      5805   1
        19   1.231603e+03  8.584595e+02  2.171065e+00      9190   1
        26   1.463616e+03  8.584595e+02  3.354920e+00     13127   1
        33   1.343616e+03  8.584595e+02  4.487507e+00     15187   1
        39   2.313294e+03  8.584595e+02  6.126100e+00     17209   1
        40   1.020634e+03  8.584595e+02  6.402067e+00     17520   1
-------------------------------------------------------------------
status         : simulation_stopping
total time (s) : 6.402067e+00
total solves   : 17520
best bound     :  8.584595e+02
simulation ci  :  1.016595e+03 ± 3.021802e+02
numeric issues : 0
-------------------------------------------------------------------

