-------------------------------------------------------------------
         SDDP.jl (c) Oscar Dowson and contributors, 2017-24
-------------------------------------------------------------------
problem
  nodes           : 4
  state variables : 0
  scenarios       : Inf
  existing cuts   : false
options
  solver          : serial mode
  risk measure    : SDDP.Expectation()
  sampling scheme : SDDP.InSampleMonteCarlo
subproblem structure
  VariableRef                                  : [4, 5]
  JuMP.AffExpr in MOI.EqualTo{Float64}         : [1, 1]
  JuMP.VariableRef in MOI.GreaterThan{Float64} : [3, 4]
  JuMP.VariableRef in MOI.LessThan{Float64}    : [1, 2]
  JuMP.VariableRef in MOI.Parameter{Float64}   : [1, 1]
numerical stability report
  matrix range     [1e+00, 1e+03]
  objective range  [3e-03, 3e+00]
  bounds range     [5e+02, 7e+02]
  rhs range        [0e+00, 0e+00]
-------------------------------------------------------------------
 iteration    simulation      bound        time (s)     solves  pid
-------------------------------------------------------------------
         1   9.504000e-02  9.864004e-02  1.741409e-02        19   1
         2   4.392000e-01  3.039830e-01  1.579383e+00      3533   1
        21   8.064000e-02  4.328263e-01  4.073517e+00      8659   1
        40   4.435200e-01  4.328263e-01  4.774265e+00     10012   1
-------------------------------------------------------------------
status         : simulation_stopping
total time (s) : 4.774265e+00
total solves   : 10012
best bound     :  4.328263e-01
simulation ci  :  3.968280e-01 ± 1.013438e-01
numeric issues : 0
-------------------------------------------------------------------

