-------------------------------------------------------------------
         SDDP.jl (c) Oscar Dowson and contributors, 2017-24
-------------------------------------------------------------------
problem
  nodes           : 2
  state variables : 0
  scenarios       : Inf
  existing cuts   : false
options
  solver          : serial mode
  risk measure    : SDDP.Expectation()
  sampling scheme : SDDP.InSampleMonteCarlo
subproblem structure
  VariableRef                                  : [22, 22]
  JuMP.AffExpr in MOI.EqualTo{Float64}         : [4, 4]
  JuMP.VariableRef in MOI.GreaterThan{Float64} : [17, 17]
  JuMP.VariableRef in MOI.LessThan{Float64}    : [9, 9]
  JuMP.VariableRef in MOI.Parameter{Float64}   : [5, 5]
numerical stability report
  matrix range     [1e+00, 2e+03]
  objective range  [1e-02, 9e+02]
  bounds range     [9e+00, 1e+03]
  rhs range        [0e+00, 0e+00]
-------------------------------------------------------------------
 iteration    simulation      bound        time (s)     solves  pid
-------------------------------------------------------------------
         1   4.764672e+02  4.179340e+02  4.091811e-02       181   1
        14   3.013324e+03  8.584593e+02  1.245230e+00      6482   1
        22   3.712169e+03  8.584595e+02  2.505812e+00     11553   1
        30   5.986969e+02  8.584595e+02  3.534926e+00     14015   1
        34   2.170178e+03  8.584595e+02  4.556433e+00     15870   1
        40   5.141033e+02  8.584595e+02  5.437040e+00     17164   1
-------------------------------------------------------------------
status         : simulation_stopping
total time (s) : 5.437040e+00
total solves   : 17164
best bound     :  8.584595e+02
simulation ci  :  9.629400e+02 ± 2.913992e+02
numeric issues : 0
-------------------------------------------------------------------

