-------------------------------------------------------------------
         SDDP.jl (c) Oscar Dowson and contributors, 2017-24
-------------------------------------------------------------------
problem
  nodes           : 4
  state variables : 0
  scenarios       : Inf
  existing cuts   : false
options
  solver          : serial mode
  risk measure    : SDDP.Expectation()
  sampling scheme : SDDP.InSampleMonteCarlo
subproblem structure
  VariableRef                                  : [4, 5]
  JuMP.AffExpr in MOI.EqualTo{Float64}         : [1, 1]
  JuMP.VariableRef in MOI.GreaterThan{Float64} : [3, 4]
  JuMP.VariableRef in MOI.LessThan{Float64}    : [1, 2]
  JuMP.VariableRef in MOI.Parameter{Float64}   : [1, 1]
numerical stability report
  matrix range     [1e+00, 1e+03]
  objective range  [3e-03, 3e+00]
  bounds range     [5e+02, 7e+02]
  rhs range        [0e+00, 0e+00]
-------------------------------------------------------------------
 iteration    simulation      bound        time (s)     solves  pid
-------------------------------------------------------------------
         1   2.352960e+00  4.312193e-01  2.337868e-01       467   1
         2   8.064000e-02  4.314982e-01  2.427720e+00      5349   1
        21   6.998400e-01  4.328263e-01  5.327117e+00     11509   1
        40   2.160000e-01  4.328263e-01  6.051457e+00     12970   1
-------------------------------------------------------------------
status         : simulation_stopping
total time (s) : 6.051457e+00
total solves   : 12970
best bound     :  4.328263e-01
simulation ci  :  4.079880e-01 ± 1.362862e-01
numeric issues : 0
-------------------------------------------------------------------

