-------------------------------------------------------------------
         SDDP.jl (c) Oscar Dowson and contributors, 2017-24
-------------------------------------------------------------------
problem
  nodes           : 2
  state variables : 1
  scenarios       : Inf
  existing cuts   : false
options
  solver          : serial mode
  risk measure    : SDDP.Expectation()
  sampling scheme : SDDP.InSampleMonteCarlo
subproblem structure
  VariableRef                                  : [13, 13]
  JuMP.AffExpr in MOI.EqualTo{Float64}         : [4, 4]
  JuMP.VariableRef in MOI.GreaterThan{Float64} : [10, 10]
  JuMP.VariableRef in MOI.LessThan{Float64}    : [6, 6]
  JuMP.VariableRef in MOI.Parameter{Float64}   : [2, 2]
numerical stability report
  matrix range     [1e+00, 1e+03]
  objective range  [1e-02, 9e+02]
  bounds range     [1e+01, 1e+03]
  rhs range        [0e+00, 0e+00]
-------------------------------------------------------------------
 iteration    simulation      bound        time (s)     solves  pid
-------------------------------------------------------------------
         1   1.252860e+05  5.907297e+04  5.014992e-02       187   1
         2   3.217031e+06  1.134123e+06  4.399610e+01    152794   1
         3   1.914300e+06  2.009095e+06  7.433612e+01    156997   1
         4   8.456099e+05  2.251316e+06  9.595531e+01    158868   1
         5   1.116312e+07  2.968586e+06  1.230647e+03    183287   1
-------------------------------------------------------------------
status         : time_limit
total time (s) : 1.230647e+03
total solves   : 183287
best bound     :  2.968586e+06
simulation ci  :  3.453069e+06 ± 3.913658e+06
numeric issues : 0
-------------------------------------------------------------------

