-------------------------------------------------------------------
         SDDP.jl (c) Oscar Dowson and contributors, 2017-24
-------------------------------------------------------------------
problem
  nodes           : 2
  state variables : 0
  scenarios       : Inf
  existing cuts   : false
options
  solver          : serial mode
  risk measure    : SDDP.Expectation()
  sampling scheme : SDDP.InSampleMonteCarlo
subproblem structure
  VariableRef                                  : [22, 22]
  JuMP.AffExpr in MOI.EqualTo{Float64}         : [4, 4]
  JuMP.VariableRef in MOI.GreaterThan{Float64} : [17, 17]
  JuMP.VariableRef in MOI.LessThan{Float64}    : [9, 9]
  JuMP.VariableRef in MOI.Parameter{Float64}   : [5, 5]
numerical stability report
  matrix range     [1e+00, 2e+03]
  objective range  [1e-02, 9e+02]
  bounds range     [9e+00, 1e+03]
  rhs range        [0e+00, 0e+00]
-------------------------------------------------------------------
 iteration    simulation      bound        time (s)     solves  pid
-------------------------------------------------------------------
         1   6.895087e+02  4.943889e+02  4.924893e-02       233   1
        12   1.887054e+03  8.584592e+02  1.225532e+00      6617   1
        22   1.580969e+03  8.584595e+02  2.346235e+00     11546   1
        30   2.595231e+03  8.584595e+02  3.371002e+00     14177   1
        37   6.133657e+02  8.584595e+02  4.464968e+00     16367   1
        40   3.635712e+02  8.584595e+02  4.815826e+00     16975   1
-------------------------------------------------------------------
status         : simulation_stopping
total time (s) : 4.815826e+00
total solves   : 16975
best bound     :  8.584595e+02
simulation ci  :  8.943996e+02 ± 2.101972e+02
numeric issues : 0
-------------------------------------------------------------------

