-------------------------------------------------------------------
         SDDP.jl (c) Oscar Dowson and contributors, 2017-24
-------------------------------------------------------------------
problem
  nodes           : 4
  state variables : 0
  scenarios       : Inf
  existing cuts   : false
options
  solver          : serial mode
  risk measure    : SDDP.Expectation()
  sampling scheme : SDDP.InSampleMonteCarlo
subproblem structure
  VariableRef                                  : [4, 5]
  JuMP.AffExpr in MOI.EqualTo{Float64}         : [1, 1]
  JuMP.VariableRef in MOI.GreaterThan{Float64} : [3, 4]
  JuMP.VariableRef in MOI.LessThan{Float64}    : [1, 2]
  JuMP.VariableRef in MOI.Parameter{Float64}   : [1, 1]
numerical stability report
  matrix range     [1e+00, 1e+03]
  objective range  [3e-03, 3e+00]
  bounds range     [5e+02, 7e+02]
  rhs range        [0e+00, 0e+00]
-------------------------------------------------------------------
 iteration    simulation      bound        time (s)     solves  pid
-------------------------------------------------------------------
         1   6.739200e-01  3.463186e-01  7.438087e-02       133   1
         2   2.707200e-01  3.839949e-01  2.364965e+00      5113   1
        21   1.077120e+00  4.328263e-01  5.597282e+00     11637   1
        40   3.585600e-01  4.328263e-01  6.290879e+00     12960   1
-------------------------------------------------------------------
status         : simulation_stopping
total time (s) : 6.290879e+00
total solves   : 12960
best bound     :  4.328263e-01
simulation ci  :  3.917160e-01 ± 1.018454e-01
numeric issues : 0
-------------------------------------------------------------------

