-------------------------------------------------------------------
         SDDP.jl (c) Oscar Dowson and contributors, 2017-24
-------------------------------------------------------------------
problem
  nodes           : 2
  state variables : 0
  scenarios       : Inf
  existing cuts   : false
options
  solver          : serial mode
  risk measure    : SDDP.Expectation()
  sampling scheme : SDDP.InSampleMonteCarlo
subproblem structure
  VariableRef                                  : [22, 22]
  JuMP.AffExpr in MOI.EqualTo{Float64}         : [4, 4]
  JuMP.VariableRef in MOI.GreaterThan{Float64} : [17, 17]
  JuMP.VariableRef in MOI.LessThan{Float64}    : [9, 9]
  JuMP.VariableRef in MOI.Parameter{Float64}   : [5, 5]
numerical stability report
  matrix range     [1e+00, 2e+03]
  objective range  [1e-02, 9e+02]
  bounds range     [9e+00, 1e+03]
  rhs range        [0e+00, 0e+00]
-------------------------------------------------------------------
 iteration    simulation      bound        time (s)     solves  pid
-------------------------------------------------------------------
         1   2.434168e+02  2.350811e+02  3.058791e-02        90   1
         8   2.724711e+03  8.584564e+02  1.064640e+00      5821   1
        21   3.395712e+02  8.584595e+02  2.099331e+00     10623   1
        30   2.759546e+03  8.584595e+02  3.221552e+00     13695   1
        35   8.785528e+02  8.584595e+02  4.275382e+00     15848   1
        40   1.104345e+03  8.584595e+02  5.112389e+00     17234   1
-------------------------------------------------------------------
status         : simulation_stopping
total time (s) : 5.112389e+00
total solves   : 17234
best bound     :  8.584595e+02
simulation ci  :  9.380168e+02 ± 2.962009e+02
numeric issues : 0
-------------------------------------------------------------------

