-------------------------------------------------------------------
         SDDP.jl (c) Oscar Dowson and contributors, 2017-24
-------------------------------------------------------------------
problem
  nodes           : 4
  state variables : 0
  scenarios       : Inf
  existing cuts   : false
options
  solver          : serial mode
  risk measure    : SDDP.Expectation()
  sampling scheme : SDDP.InSampleMonteCarlo
subproblem structure
  VariableRef                                  : [4, 5]
  JuMP.AffExpr in MOI.EqualTo{Float64}         : [1, 1]
  JuMP.VariableRef in MOI.GreaterThan{Float64} : [3, 4]
  JuMP.VariableRef in MOI.LessThan{Float64}    : [1, 2]
  JuMP.VariableRef in MOI.Parameter{Float64}   : [1, 1]
numerical stability report
  matrix range     [1e+00, 1e+03]
  objective range  [3e-03, 3e+00]
  bounds range     [5e+02, 7e+02]
  rhs range        [0e+00, 0e+00]
-------------------------------------------------------------------
 iteration    simulation      bound        time (s)     solves  pid
-------------------------------------------------------------------
         1   3.369600e-01  2.441869e-01  4.132390e-02        67   1
         2   4.435200e-01  3.667093e-01  1.968183e+00      4247   1
        19   3.369600e-01  4.328263e-01  2.991053e+00      6246   1
        21   3.772800e-01  4.328263e-01  5.022984e+00     10469   1
        40   1.497600e-01  4.328263e-01  5.507734e+00     11398   1
-------------------------------------------------------------------
status         : simulation_stopping
total time (s) : 5.507734e+00
total solves   : 11398
best bound     :  4.328263e-01
simulation ci  :  4.041000e-01 ± 1.318535e-01
numeric issues : 0
-------------------------------------------------------------------

