-------------------------------------------------------------------
         SDDP.jl (c) Oscar Dowson and contributors, 2017-24
-------------------------------------------------------------------
problem
  nodes           : 4
  state variables : 0
  scenarios       : Inf
  existing cuts   : false
options
  solver          : serial mode
  risk measure    : SDDP.Expectation()
  sampling scheme : SDDP.InSampleMonteCarlo
subproblem structure
  VariableRef                                  : [4, 5]
  JuMP.AffExpr in MOI.EqualTo{Float64}         : [1, 1]
  JuMP.VariableRef in MOI.GreaterThan{Float64} : [3, 4]
  JuMP.VariableRef in MOI.LessThan{Float64}    : [1, 2]
  JuMP.VariableRef in MOI.Parameter{Float64}   : [1, 1]
numerical stability report
  matrix range     [1e+00, 1e+03]
  objective range  [3e-03, 3e+00]
  bounds range     [5e+02, 7e+02]
  rhs range        [0e+00, 0e+00]
-------------------------------------------------------------------
 iteration    simulation      bound        time (s)     solves  pid
-------------------------------------------------------------------
         1   8.827200e-01  3.796553e-01  9.610486e-02       175   1
         2   6.336000e-01  4.200976e-01  2.384187e+00      4942   1
        21   2.563200e-01  4.328263e-01  5.112640e+00     10797   1
        40   2.880000e-02  4.328263e-01  5.903209e+00     12026   1
-------------------------------------------------------------------
status         : simulation_stopping
total time (s) : 5.903209e+00
total solves   : 12026
best bound     :  4.328263e-01
simulation ci  :  3.446640e-01 ± 1.024101e-01
numeric issues : 0
-------------------------------------------------------------------

