-------------------------------------------------------------------
         SDDP.jl (c) Oscar Dowson and contributors, 2017-24
-------------------------------------------------------------------
problem
  nodes           : 4
  state variables : 0
  scenarios       : Inf
  existing cuts   : false
options
  solver          : serial mode
  risk measure    : SDDP.Expectation()
  sampling scheme : SDDP.InSampleMonteCarlo
subproblem structure
  VariableRef                                  : [4, 5]
  JuMP.AffExpr in MOI.EqualTo{Float64}         : [1, 1]
  JuMP.VariableRef in MOI.GreaterThan{Float64} : [3, 4]
  JuMP.VariableRef in MOI.LessThan{Float64}    : [1, 2]
  JuMP.VariableRef in MOI.Parameter{Float64}   : [1, 1]
numerical stability report
  matrix range     [1e+00, 1e+03]
  objective range  [3e-03, 3e+00]
  bounds range     [5e+02, 7e+02]
  rhs range        [0e+00, 0e+00]
-------------------------------------------------------------------
 iteration    simulation      bound        time (s)     solves  pid
-------------------------------------------------------------------
         1   2.160000e-01  1.817472e-01  2.803016e-02        43   1
         2   9.504000e-02  2.253229e-01  1.875181e+00      4083   1
        21   1.569600e-01  4.328263e-01  4.536695e+00      9591   1
        38   4.723200e-01  4.328263e-01  5.593023e+00     11574   1
        40   2.779200e-01  4.328263e-01  5.695081e+00     11724   1
-------------------------------------------------------------------
status         : simulation_stopping
total time (s) : 5.695081e+00
total solves   : 11724
best bound     :  4.328263e-01
simulation ci  :  4.628160e-01 ± 1.205701e-01
numeric issues : 0
-------------------------------------------------------------------

