-------------------------------------------------------------------
         SDDP.jl (c) Oscar Dowson and contributors, 2017-24
-------------------------------------------------------------------
problem
  nodes           : 4
  state variables : 0
  scenarios       : Inf
  existing cuts   : false
options
  solver          : serial mode
  risk measure    : SDDP.Expectation()
  sampling scheme : SDDP.InSampleMonteCarlo
subproblem structure
  VariableRef                                  : [4, 5]
  JuMP.AffExpr in MOI.EqualTo{Float64}         : [1, 1]
  JuMP.VariableRef in MOI.GreaterThan{Float64} : [3, 4]
  JuMP.VariableRef in MOI.LessThan{Float64}    : [1, 2]
  JuMP.VariableRef in MOI.Parameter{Float64}   : [1, 1]
numerical stability report
  matrix range     [1e+00, 1e+03]
  objective range  [3e-03, 3e+00]
  bounds range     [5e+02, 7e+02]
  rhs range        [0e+00, 0e+00]
-------------------------------------------------------------------
 iteration    simulation      bound        time (s)     solves  pid
-------------------------------------------------------------------
         1   3.628800e-01  2.553727e-01  4.393792e-02        73   1
         2   8.064000e-02  2.861704e-01  2.121597e+00      4646   1
        23   1.425600e+00  4.328263e-01  3.209221e+00      6603   1
        24   7.214400e-01  4.328263e-01  5.382745e+00     11302   1
        43   1.972800e-01  4.328263e-01  6.115012e+00     12697   1
-------------------------------------------------------------------
status         : simulation_stopping
total time (s) : 6.115012e+00
total solves   : 12697
best bound     :  4.328263e-01
simulation ci  :  4.199777e-01 ± 1.729660e-01
numeric issues : 0
-------------------------------------------------------------------

