-------------------------------------------------------------------
         SDDP.jl (c) Oscar Dowson and contributors, 2017-24
-------------------------------------------------------------------
problem
  nodes           : 4
  state variables : 0
  scenarios       : Inf
  existing cuts   : false
options
  solver          : serial mode
  risk measure    : SDDP.Expectation()
  sampling scheme : SDDP.InSampleMonteCarlo
subproblem structure
  VariableRef                                  : [4, 5]
  JuMP.AffExpr in MOI.EqualTo{Float64}         : [1, 1]
  JuMP.VariableRef in MOI.GreaterThan{Float64} : [3, 4]
  JuMP.VariableRef in MOI.LessThan{Float64}    : [1, 2]
  JuMP.VariableRef in MOI.Parameter{Float64}   : [1, 1]
numerical stability report
  matrix range     [1e+00, 1e+03]
  objective range  [3e-03, 3e+00]
  bounds range     [5e+02, 7e+02]
  rhs range        [0e+00, 0e+00]
-------------------------------------------------------------------
 iteration    simulation      bound        time (s)     solves  pid
-------------------------------------------------------------------
         1   4.435200e-01  2.861704e-01  5.208898e-02        89   1
         2   4.320000e-01  3.762841e-01  2.065042e+00      4554   1
        21   3.585600e-01  4.328260e-01  4.694104e+00     10025   1
        40   1.036800e+00  4.328263e-01  5.333885e+00     11304   1
-------------------------------------------------------------------
status         : simulation_stopping
total time (s) : 5.333885e+00
total solves   : 11304
best bound     :  4.328263e-01
simulation ci  :  3.203640e-01 ± 1.003794e-01
numeric issues : 0
-------------------------------------------------------------------

