-------------------------------------------------------------------
         SDDP.jl (c) Oscar Dowson and contributors, 2017-24
-------------------------------------------------------------------
problem
  nodes           : 4
  state variables : 0
  scenarios       : Inf
  existing cuts   : false
options
  solver          : serial mode
  risk measure    : SDDP.Expectation()
  sampling scheme : SDDP.InSampleMonteCarlo
subproblem structure
  VariableRef                                  : [4, 5]
  JuMP.AffExpr in MOI.EqualTo{Float64}         : [1, 1]
  JuMP.VariableRef in MOI.GreaterThan{Float64} : [3, 4]
  JuMP.VariableRef in MOI.LessThan{Float64}    : [1, 2]
  JuMP.VariableRef in MOI.Parameter{Float64}   : [1, 1]
numerical stability report
  matrix range     [1e+00, 1e+03]
  objective range  [3e-03, 3e+00]
  bounds range     [5e+02, 7e+02]
  rhs range        [0e+00, 0e+00]
-------------------------------------------------------------------
 iteration    simulation      bound        time (s)     solves  pid
-------------------------------------------------------------------
         1   3.225600e-01  2.376273e-01  3.984714e-02        65   1
         2   2.563200e-01  3.226416e-01  1.759602e+00      3842   1
        21   8.424000e-01  4.328263e-01  4.407969e+00      9377   1
        40   1.353600e-01  4.328263e-01  5.197821e+00     10880   1
-------------------------------------------------------------------
status         : simulation_stopping
total time (s) : 5.197821e+00
total solves   : 10880
best bound     :  4.328263e-01
simulation ci  :  4.307400e-01 ± 9.837707e-02
numeric issues : 0
-------------------------------------------------------------------

