-------------------------------------------------------------------
         SDDP.jl (c) Oscar Dowson and contributors, 2017-24
-------------------------------------------------------------------
problem
  nodes           : 4
  state variables : 0
  scenarios       : Inf
  existing cuts   : false
options
  solver          : serial mode
  risk measure    : SDDP.Expectation()
  sampling scheme : SDDP.InSampleMonteCarlo
subproblem structure
  VariableRef                                  : [4, 5]
  JuMP.AffExpr in MOI.EqualTo{Float64}         : [1, 1]
  JuMP.VariableRef in MOI.GreaterThan{Float64} : [3, 4]
  JuMP.VariableRef in MOI.LessThan{Float64}    : [1, 2]
  JuMP.VariableRef in MOI.Parameter{Float64}   : [1, 1]
numerical stability report
  matrix range     [1e+00, 1e+03]
  objective range  [3e-03, 3e+00]
  bounds range     [5e+02, 7e+02]
  rhs range        [0e+00, 0e+00]
-------------------------------------------------------------------
 iteration    simulation      bound        time (s)     solves  pid
-------------------------------------------------------------------
         1   1.094400e-01  1.043135e-01  1.861882e-02        21   1
         2   6.854400e-01  3.678318e-01  2.004004e+00      4340   1
        21   4.838400e-01  4.328262e-01  4.628669e+00      9849   1
        40   6.451200e-01  4.328263e-01  5.539377e+00     11638   1
-------------------------------------------------------------------
status         : simulation_stopping
total time (s) : 5.539377e+00
total solves   : 11638
best bound     :  4.328263e-01
simulation ci  :  4.123440e-01 ± 1.111868e-01
numeric issues : 0
-------------------------------------------------------------------

