-------------------------------------------------------------------
         SDDP.jl (c) Oscar Dowson and contributors, 2017-24
-------------------------------------------------------------------
problem
  nodes           : 4
  state variables : 0
  scenarios       : Inf
  existing cuts   : false
options
  solver          : serial mode
  risk measure    : SDDP.Expectation()
  sampling scheme : SDDP.InSampleMonteCarlo
subproblem structure
  VariableRef                                  : [4, 5]
  JuMP.AffExpr in MOI.EqualTo{Float64}         : [1, 1]
  JuMP.VariableRef in MOI.GreaterThan{Float64} : [3, 4]
  JuMP.VariableRef in MOI.LessThan{Float64}    : [1, 2]
  JuMP.VariableRef in MOI.Parameter{Float64}   : [1, 1]
numerical stability report
  matrix range     [1e+00, 1e+03]
  objective range  [3e-03, 3e+00]
  bounds range     [5e+02, 7e+02]
  rhs range        [0e+00, 0e+00]
-------------------------------------------------------------------
 iteration    simulation      bound        time (s)     solves  pid
-------------------------------------------------------------------
         1   4.320000e-01  2.795727e-01  5.004501e-02        85   1
         2   4.579200e-01  3.791118e-01  2.103898e+00      4388   1
        21   7.142400e-01  4.328263e-01  5.134433e+00     10583   1
        40   1.569600e-01  4.328263e-01  5.627381e+00     11560   1
-------------------------------------------------------------------
status         : simulation_stopping
total time (s) : 5.627381e+00
total solves   : 11560
best bound     :  4.328263e-01
simulation ci  :  3.952800e-01 ± 1.219952e-01
numeric issues : 0
-------------------------------------------------------------------

