-------------------------------------------------------------------
         SDDP.jl (c) Oscar Dowson and contributors, 2017-24
-------------------------------------------------------------------
problem
  nodes           : 2
  state variables : 0
  scenarios       : Inf
  existing cuts   : false
options
  solver          : serial mode
  risk measure    : SDDP.Expectation()
  sampling scheme : SDDP.InSampleMonteCarlo
subproblem structure
  VariableRef                                  : [22, 22]
  JuMP.AffExpr in MOI.EqualTo{Float64}         : [4, 4]
  JuMP.VariableRef in MOI.GreaterThan{Float64} : [17, 17]
  JuMP.VariableRef in MOI.LessThan{Float64}    : [9, 9]
  JuMP.VariableRef in MOI.Parameter{Float64}   : [5, 5]
numerical stability report
  matrix range     [1e+00, 2e+03]
  objective range  [1e-02, 9e+02]
  bounds range     [9e+00, 1e+03]
  rhs range        [0e+00, 0e+00]
-------------------------------------------------------------------
 iteration    simulation      bound        time (s)     solves  pid
-------------------------------------------------------------------
         1   1.501554e+03  7.463394e+02  1.102319e-01       558   1
        14   6.069880e+02  8.584588e+02  1.167344e+00      5908   1
        25   3.939877e+03  8.584595e+02  2.510761e+00     11000   1
        32   1.806606e+03  8.584595e+02  3.660962e+00     13580   1
        40   1.457395e+03  8.584595e+02  4.621500e+00     15275   1
-------------------------------------------------------------------
status         : simulation_stopping
total time (s) : 4.621500e+00
total solves   : 15275
best bound     :  8.584595e+02
simulation ci  :  8.569010e+02 ± 2.684643e+02
numeric issues : 0
-------------------------------------------------------------------

