-------------------------------------------------------------------
         SDDP.jl (c) Oscar Dowson and contributors, 2017-24
-------------------------------------------------------------------
problem
  nodes           : 4
  state variables : 0
  scenarios       : Inf
  existing cuts   : false
options
  solver          : serial mode
  risk measure    : SDDP.Expectation()
  sampling scheme : SDDP.InSampleMonteCarlo
subproblem structure
  VariableRef                                  : [4, 5]
  JuMP.AffExpr in MOI.EqualTo{Float64}         : [1, 1]
  JuMP.VariableRef in MOI.GreaterThan{Float64} : [3, 4]
  JuMP.VariableRef in MOI.LessThan{Float64}    : [1, 2]
  JuMP.VariableRef in MOI.Parameter{Float64}   : [1, 1]
numerical stability report
  matrix range     [1e+00, 1e+03]
  objective range  [3e-03, 3e+00]
  bounds range     [5e+02, 7e+02]
  rhs range        [0e+00, 0e+00]
-------------------------------------------------------------------
 iteration    simulation      bound        time (s)     solves  pid
-------------------------------------------------------------------
         1   8.220000e+00  6.836467e+00  2.725005e-02        39   1
         2   1.326000e+01  1.228810e+01  2.212515e+00      4580   1
        21   1.158000e+01  1.803443e+01  5.298568e+00     10791   1
        40   1.908000e+01  1.803443e+01  5.958139e+00     12050   1
-------------------------------------------------------------------
status         : simulation_stopping
total time (s) : 5.958139e+00
total solves   : 12050
best bound     :  1.803443e+01
simulation ci  :  1.622400e+01 ± 4.303639e+00
numeric issues : 0
-------------------------------------------------------------------

