-------------------------------------------------------------------
         SDDP.jl (c) Oscar Dowson and contributors, 2017-24
-------------------------------------------------------------------
problem
  nodes           : 4
  state variables : 0
  scenarios       : Inf
  existing cuts   : false
options
  solver          : serial mode
  risk measure    : SDDP.Expectation()
  sampling scheme : SDDP.InSampleMonteCarlo
subproblem structure
  VariableRef                                  : [4, 5]
  JuMP.AffExpr in MOI.EqualTo{Float64}         : [1, 1]
  JuMP.VariableRef in MOI.GreaterThan{Float64} : [3, 4]
  JuMP.VariableRef in MOI.LessThan{Float64}    : [1, 2]
  JuMP.VariableRef in MOI.Parameter{Float64}   : [1, 1]
numerical stability report
  matrix range     [1e+00, 1e+03]
  objective range  [3e-03, 3e+00]
  bounds range     [5e+02, 7e+02]
  rhs range        [0e+00, 0e+00]
-------------------------------------------------------------------
 iteration    simulation      bound        time (s)     solves  pid
-------------------------------------------------------------------
         1   3.600000e-02  3.934784e-02  1.179290e-02         7   1
         2   9.504000e-02  1.076375e-01  1.712252e+00      3904   1
        17   6.739200e-01  4.328263e-01  2.736430e+00      5705   1
        21   2.016000e-01  4.328263e-01  4.587139e+00      9947   1
        40   1.569600e-01  4.328263e-01  5.192614e+00     11082   1
-------------------------------------------------------------------
status         : simulation_stopping
total time (s) : 5.192614e+00
total solves   : 11082
best bound     :  4.328263e-01
simulation ci  :  4.195080e-01 ± 1.393291e-01
numeric issues : 0
-------------------------------------------------------------------

