-------------------------------------------------------------------
         SDDP.jl (c) Oscar Dowson and contributors, 2017-24
-------------------------------------------------------------------
problem
  nodes           : 2
  state variables : 0
  scenarios       : Inf
  existing cuts   : false
options
  solver          : serial mode
  risk measure    : SDDP.Expectation()
  sampling scheme : SDDP.InSampleMonteCarlo
subproblem structure
  VariableRef                                  : [22, 22]
  JuMP.AffExpr in MOI.EqualTo{Float64}         : [4, 4]
  JuMP.VariableRef in MOI.GreaterThan{Float64} : [17, 17]
  JuMP.VariableRef in MOI.LessThan{Float64}    : [9, 9]
  JuMP.VariableRef in MOI.Parameter{Float64}   : [5, 5]
numerical stability report
  matrix range     [1e+00, 2e+03]
  objective range  [1e-02, 9e+02]
  bounds range     [9e+00, 1e+03]
  rhs range        [0e+00, 0e+00]
-------------------------------------------------------------------
 iteration    simulation      bound        time (s)     solves  pid
-------------------------------------------------------------------
         1   1.289238e+03  6.886179e+02  8.272791e-02       441   1
        14   1.250572e+03  8.584585e+02  1.123336e+00      5955   1
        25   1.835635e+03  8.584595e+02  2.286914e+00     10743   1
        35   2.090762e+03  8.584595e+02  3.590067e+00     13918   1
        40   2.026752e+02  8.584595e+02  4.274304e+00     15187   1
-------------------------------------------------------------------
status         : simulation_stopping
total time (s) : 4.274304e+00
total solves   : 15187
best bound     :  8.584595e+02
simulation ci  :  8.218630e+02 ± 2.207423e+02
numeric issues : 0
-------------------------------------------------------------------

