-------------------------------------------------------------------
         SDDP.jl (c) Oscar Dowson and contributors, 2017-24
-------------------------------------------------------------------
problem
  nodes           : 4
  state variables : 0
  scenarios       : Inf
  existing cuts   : false
options
  solver          : serial mode
  risk measure    : SDDP.Expectation()
  sampling scheme : SDDP.InSampleMonteCarlo
subproblem structure
  VariableRef                                  : [4, 5]
  JuMP.AffExpr in MOI.EqualTo{Float64}         : [1, 1]
  JuMP.VariableRef in MOI.GreaterThan{Float64} : [3, 4]
  JuMP.VariableRef in MOI.LessThan{Float64}    : [1, 2]
  JuMP.VariableRef in MOI.Parameter{Float64}   : [1, 1]
numerical stability report
  matrix range     [1e+00, 1e+03]
  objective range  [3e-03, 3e+00]
  bounds range     [5e+02, 7e+02]
  rhs range        [0e+00, 0e+00]
-------------------------------------------------------------------
 iteration    simulation      bound        time (s)     solves  pid
-------------------------------------------------------------------
         1   6.912000e-02  7.146227e-02  1.325798e-02        13   1
         2   1.569600e-01  1.613281e-01  2.012862e+00      4477   1
        21   9.504000e-02  4.328261e-01  4.692864e+00     10181   1
        40   4.032000e-01  4.328263e-01  5.246748e+00     11300   1
-------------------------------------------------------------------
status         : simulation_stopping
total time (s) : 5.246748e+00
total solves   : 11300
best bound     :  4.328263e-01
simulation ci  :  3.064680e-01 ± 7.702837e-02
numeric issues : 0
-------------------------------------------------------------------

