-------------------------------------------------------------------
         SDDP.jl (c) Oscar Dowson and contributors, 2017-24
-------------------------------------------------------------------
problem
  nodes           : 2
  state variables : 0
  scenarios       : Inf
  existing cuts   : false
options
  solver          : serial mode
  risk measure    : SDDP.Expectation()
  sampling scheme : SDDP.InSampleMonteCarlo
subproblem structure
  VariableRef                                  : [22, 22]
  JuMP.AffExpr in MOI.EqualTo{Float64}         : [4, 4]
  JuMP.VariableRef in MOI.GreaterThan{Float64} : [17, 17]
  JuMP.VariableRef in MOI.LessThan{Float64}    : [9, 9]
  JuMP.VariableRef in MOI.Parameter{Float64}   : [5, 5]
numerical stability report
  matrix range     [1e+00, 2e+03]
  objective range  [1e-02, 9e+02]
  bounds range     [9e+00, 1e+03]
  rhs range        [0e+00, 0e+00]
-------------------------------------------------------------------
 iteration    simulation      bound        time (s)     solves  pid
-------------------------------------------------------------------
         1   8.504047e+02  5.575747e+02  5.703402e-02       285   1
        11   3.176440e+02  8.584556e+02  1.068093e+00      5789   1
        21   1.298572e+03  8.584595e+02  2.272482e+00     10968   1
        29   4.016179e+03  8.584595e+02  3.593229e+00     14262   1
        36   8.024047e+02  8.584595e+02  4.623600e+00     16192   1
        40   1.446146e+03  8.584595e+02  5.547612e+00     17501   1
-------------------------------------------------------------------
status         : simulation_stopping
total time (s) : 5.547612e+00
total solves   : 17501
best bound     :  8.584595e+02
simulation ci  :  9.677242e+02 ± 2.482664e+02
numeric issues : 0
-------------------------------------------------------------------

