-------------------------------------------------------------------
         SDDP.jl (c) Oscar Dowson and contributors, 2017-24
-------------------------------------------------------------------
problem
  nodes           : 2
  state variables : 0
  scenarios       : Inf
  existing cuts   : false
options
  solver          : serial mode
  risk measure    : SDDP.Expectation()
  sampling scheme : SDDP.InSampleMonteCarlo
subproblem structure
  VariableRef                                  : [16, 16]
  JuMP.AffExpr in MOI.EqualTo{Float64}         : [2, 2]
  JuMP.VariableRef in MOI.GreaterThan{Float64} : [12, 12]
  JuMP.VariableRef in MOI.LessThan{Float64}    : [6, 6]
  JuMP.VariableRef in MOI.Parameter{Float64}   : [4, 4]
numerical stability report
  matrix range     [1e+00, 2e+03]
  objective range  [1e-02, 3e+00]
  bounds range     [5e+02, 1e+03]
  rhs range        [0e+00, 0e+00]
-------------------------------------------------------------------
 iteration    simulation      bound        time (s)     solves  pid
-------------------------------------------------------------------
         1   7.378652e+02  5.180971e+02  1.049936e+01        94   1
        38   7.265286e+02  8.773575e+02  1.562338e+01     10427   1
        40   2.060149e+02  8.773575e+02  1.567728e+01     10465   1
-------------------------------------------------------------------
status         : simulation_stopping
total time (s) : 1.567728e+01
total solves   : 10465
best bound     :  8.773575e+02
simulation ci  :  1.010242e+03 ± 2.344216e+02
numeric issues : 0
-------------------------------------------------------------------

