-------------------------------------------------------------------
         SDDP.jl (c) Oscar Dowson and contributors, 2017-24
-------------------------------------------------------------------
problem
  nodes           : 2
  state variables : 0
  scenarios       : Inf
  existing cuts   : false
options
  solver          : serial mode
  risk measure    : SDDP.Expectation()
  sampling scheme : SDDP.InSampleMonteCarlo
subproblem structure
  VariableRef                                  : [22, 22]
  JuMP.AffExpr in MOI.EqualTo{Float64}         : [4, 4]
  JuMP.VariableRef in MOI.GreaterThan{Float64} : [17, 17]
  JuMP.VariableRef in MOI.LessThan{Float64}    : [9, 9]
  JuMP.VariableRef in MOI.Parameter{Float64}   : [5, 5]
numerical stability report
  matrix range     [1e+00, 2e+03]
  objective range  [1e-02, 9e+02]
  bounds range     [9e+00, 1e+03]
  rhs range        [0e+00, 0e+00]
-------------------------------------------------------------------
 iteration    simulation      bound        time (s)     solves  pid
-------------------------------------------------------------------
         1   3.594257e+02  3.254237e+02  3.321886e-02       129   1
        18   2.143791e+03  8.584585e+02  1.157797e+00      5976   1
        29   4.570710e+03  8.584595e+02  2.419628e+00     11010   1
        36   5.829880e+02  8.584595e+02  3.485028e+00     13512   1
        39   6.438955e+03  8.584595e+02  5.146421e+00     16226   1
        41   3.197192e+02  8.584595e+02  5.573723e+00     16770   1
-------------------------------------------------------------------
status         : simulation_stopping
total time (s) : 5.573723e+00
total solves   : 16770
best bound     :  8.584595e+02
simulation ci  :  9.434526e+02 ± 3.812516e+02
numeric issues : 0
-------------------------------------------------------------------

