-------------------------------------------------------------------
         SDDP.jl (c) Oscar Dowson and contributors, 2017-24
-------------------------------------------------------------------
problem
  nodes           : 2
  state variables : 0
  scenarios       : Inf
  existing cuts   : false
options
  solver          : serial mode
  risk measure    : SDDP.Expectation()
  sampling scheme : SDDP.InSampleMonteCarlo
subproblem structure
  VariableRef                                  : [22, 22]
  JuMP.AffExpr in MOI.EqualTo{Float64}         : [4, 4]
  JuMP.VariableRef in MOI.GreaterThan{Float64} : [17, 17]
  JuMP.VariableRef in MOI.LessThan{Float64}    : [9, 9]
  JuMP.VariableRef in MOI.Parameter{Float64}   : [5, 5]
numerical stability report
  matrix range     [1e+00, 2e+03]
  objective range  [1e-02, 9e+02]
  bounds range     [9e+00, 1e+03]
  rhs range        [0e+00, 0e+00]
-------------------------------------------------------------------
 iteration    simulation      bound        time (s)     solves  pid
-------------------------------------------------------------------
         1   7.501048e+02  5.065786e+02  5.466700e-02       246   1
        16   6.132088e+02  8.584569e+02  1.119871e+00      6010   1
        22   6.133632e+02  8.584595e+02  2.130038e+00     10457   1
        30   1.900534e+03  8.584595e+02  3.403105e+00     13634   1
        37   3.450085e+03  8.584595e+02  4.693603e+00     15876   1
        40   1.144051e+03  8.584595e+02  5.218589e+00     16601   1
-------------------------------------------------------------------
status         : simulation_stopping
total time (s) : 5.218589e+00
total solves   : 16601
best bound     :  8.584595e+02
simulation ci  :  8.845809e+02 ± 2.843979e+02
numeric issues : 0
-------------------------------------------------------------------

