-------------------------------------------------------------------
         SDDP.jl (c) Oscar Dowson and contributors, 2017-24
-------------------------------------------------------------------
problem
  nodes           : 4
  state variables : 0
  scenarios       : Inf
  existing cuts   : false
options
  solver          : serial mode
  risk measure    : SDDP.Expectation()
  sampling scheme : SDDP.InSampleMonteCarlo
subproblem structure
  VariableRef                                  : [4, 5]
  JuMP.AffExpr in MOI.EqualTo{Float64}         : [1, 1]
  JuMP.VariableRef in MOI.GreaterThan{Float64} : [3, 4]
  JuMP.VariableRef in MOI.LessThan{Float64}    : [1, 2]
  JuMP.VariableRef in MOI.Parameter{Float64}   : [1, 1]
numerical stability report
  matrix range     [1e+00, 1e+03]
  objective range  [3e-03, 3e+00]
  bounds range     [5e+02, 7e+02]
  rhs range        [0e+00, 0e+00]
-------------------------------------------------------------------
 iteration    simulation      bound        time (s)     solves  pid
-------------------------------------------------------------------
         1   1.278720e+00  4.121170e-01  1.369650e-01       253   1
         2   7.545600e-01  4.291015e-01  2.048806e+00      4337   1
        21   3.585600e-01  4.328263e-01  4.706240e+00      9649   1
        40   7.632000e-02  4.328263e-01  5.556455e+00     11168   1
-------------------------------------------------------------------
status         : simulation_stopping
total time (s) : 5.556455e+00
total solves   : 11168
best bound     :  4.328263e-01
simulation ci  :  4.146840e-01 ± 1.158003e-01
numeric issues : 0
-------------------------------------------------------------------

