-------------------------------------------------------------------
         SDDP.jl (c) Oscar Dowson and contributors, 2017-24
-------------------------------------------------------------------
problem
  nodes           : 2
  state variables : 0
  scenarios       : Inf
  existing cuts   : false
options
  solver          : serial mode
  risk measure    : SDDP.Expectation()
  sampling scheme : SDDP.InSampleMonteCarlo
subproblem structure
  VariableRef                                  : [22, 22]
  JuMP.AffExpr in MOI.EqualTo{Float64}         : [4, 4]
  JuMP.VariableRef in MOI.GreaterThan{Float64} : [17, 17]
  JuMP.VariableRef in MOI.LessThan{Float64}    : [9, 9]
  JuMP.VariableRef in MOI.Parameter{Float64}   : [5, 5]
numerical stability report
  matrix range     [1e+00, 2e+03]
  objective range  [1e-02, 9e+02]
  bounds range     [9e+00, 1e+03]
  rhs range        [0e+00, 0e+00]
-------------------------------------------------------------------
 iteration    simulation      bound        time (s)     solves  pid
-------------------------------------------------------------------
         1   3.970643e+01  7.804177e+01  1.871395e-02        25   1
        15   1.646437e+03  8.584552e+02  1.047238e+00      5750   1
        27   1.902606e+03  8.584595e+02  2.087375e+00     10268   1
        37   1.421989e+03  8.584595e+02  3.204467e+00     13170   1
        40   1.331020e+03  8.584595e+02  3.682982e+00     14181   1
-------------------------------------------------------------------
status         : simulation_stopping
total time (s) : 3.682982e+00
total solves   : 14181
best bound     :  8.584595e+02
simulation ci  :  7.199318e+02 ± 2.026088e+02
numeric issues : 0
-------------------------------------------------------------------

