-------------------------------------------------------------------
         SDDP.jl (c) Oscar Dowson and contributors, 2017-24
-------------------------------------------------------------------
problem
  nodes           : 2
  state variables : 0
  scenarios       : Inf
  existing cuts   : false
options
  solver          : serial mode
  risk measure    : SDDP.Expectation()
  sampling scheme : SDDP.InSampleMonteCarlo
subproblem structure
  VariableRef                                  : [22, 22]
  JuMP.AffExpr in MOI.EqualTo{Float64}         : [4, 4]
  JuMP.VariableRef in MOI.GreaterThan{Float64} : [17, 17]
  JuMP.VariableRef in MOI.LessThan{Float64}    : [9, 9]
  JuMP.VariableRef in MOI.Parameter{Float64}   : [5, 5]
numerical stability report
  matrix range     [1e+00, 2e+03]
  objective range  [1e-02, 9e+02]
  bounds range     [9e+00, 1e+03]
  rhs range        [0e+00, 0e+00]
-------------------------------------------------------------------
 iteration    simulation      bound        time (s)     solves  pid
-------------------------------------------------------------------
         1   1.044480e+02  1.041716e+02  2.225590e-02        38   1
        14   7.115929e+02  8.584540e+02  1.063552e+00      5718   1
        21   2.123939e+03  8.584595e+02  2.282696e+00     11027   1
        29   3.176465e+02  8.584595e+02  3.298234e+00     13619   1
        40   5.933543e+02  8.584595e+02  4.301965e+00     15636   1
-------------------------------------------------------------------
status         : simulation_stopping
total time (s) : 4.301965e+00
total solves   : 15636
best bound     :  8.584595e+02
simulation ci  :  8.171509e+02 ± 2.326259e+02
numeric issues : 0
-------------------------------------------------------------------

