-------------------------------------------------------------------
         SDDP.jl (c) Oscar Dowson and contributors, 2017-24
-------------------------------------------------------------------
problem
  nodes           : 4
  state variables : 0
  scenarios       : Inf
  existing cuts   : false
options
  solver          : serial mode
  risk measure    : SDDP.Expectation()
  sampling scheme : SDDP.InSampleMonteCarlo
subproblem structure
  VariableRef                                  : [4, 5]
  JuMP.AffExpr in MOI.EqualTo{Float64}         : [1, 1]
  JuMP.VariableRef in MOI.GreaterThan{Float64} : [3, 4]
  JuMP.VariableRef in MOI.LessThan{Float64}    : [1, 2]
  JuMP.VariableRef in MOI.Parameter{Float64}   : [1, 1]
numerical stability report
  matrix range     [1e+00, 1e+03]
  objective range  [3e-03, 3e+00]
  bounds range     [5e+02, 7e+02]
  rhs range        [0e+00, 0e+00]
-------------------------------------------------------------------
 iteration    simulation      bound        time (s)     solves  pid
-------------------------------------------------------------------
         1   3.600000e-02  3.934784e-02  1.230597e-02         7   1
         2   3.369600e-01  2.492657e-01  1.885338e+00      4170   1
        23   1.209600e-01  4.328262e-01  4.448408e+00      9613   1
        41   7.660800e-01  4.328263e-01  5.479033e+00     11653   1
        42   2.016000e-01  4.328263e-01  5.503851e+00     11694   1
-------------------------------------------------------------------
status         : simulation_stopping
total time (s) : 5.503851e+00
total solves   : 11694
best bound     :  4.328263e-01
simulation ci  :  4.193486e-01 ± 1.202164e-01
numeric issues : 0
-------------------------------------------------------------------

