-------------------------------------------------------------------
         SDDP.jl (c) Oscar Dowson and contributors, 2017-24
-------------------------------------------------------------------
problem
  nodes           : 2
  state variables : 0
  scenarios       : Inf
  existing cuts   : false
options
  solver          : serial mode
  risk measure    : SDDP.Expectation()
  sampling scheme : SDDP.InSampleMonteCarlo
subproblem structure
  VariableRef                                  : [16, 16]
  JuMP.AffExpr in MOI.EqualTo{Float64}         : [2, 2]
  JuMP.VariableRef in MOI.GreaterThan{Float64} : [12, 12]
  JuMP.VariableRef in MOI.LessThan{Float64}    : [6, 6]
  JuMP.VariableRef in MOI.Parameter{Float64}   : [4, 4]
numerical stability report
  matrix range     [1e+00, 2e+03]
  objective range  [1e-02, 3e+00]
  bounds range     [5e+02, 1e+03]
  rhs range        [0e+00, 0e+00]
-------------------------------------------------------------------
 iteration    simulation      bound        time (s)     solves  pid
-------------------------------------------------------------------
         1   4.170973e+03  3.492441e+03  8.521358e+00        59   1
         3   2.082901e+03  4.618105e+03  9.534403e+00      2080   1
        40   4.746834e+03  8.018903e+03  1.262662e+01      7966   1
-------------------------------------------------------------------
status         : simulation_stopping
total time (s) : 1.262662e+01
total solves   : 7966
best bound     :  8.018903e+03
simulation ci  :  7.208010e+03 ± 2.319230e+03
numeric issues : 0
-------------------------------------------------------------------

