-------------------------------------------------------------------
         SDDP.jl (c) Oscar Dowson and contributors, 2017-24
-------------------------------------------------------------------
problem
  nodes           : 2
  state variables : 0
  scenarios       : Inf
  existing cuts   : false
options
  solver          : serial mode
  risk measure    : SDDP.Expectation()
  sampling scheme : SDDP.InSampleMonteCarlo
subproblem structure
  VariableRef                                  : [22, 22]
  JuMP.AffExpr in MOI.EqualTo{Float64}         : [4, 4]
  JuMP.VariableRef in MOI.GreaterThan{Float64} : [17, 17]
  JuMP.VariableRef in MOI.LessThan{Float64}    : [9, 9]
  JuMP.VariableRef in MOI.Parameter{Float64}   : [5, 5]
numerical stability report
  matrix range     [1e+00, 2e+03]
  objective range  [1e-02, 9e+02]
  bounds range     [9e+00, 1e+03]
  rhs range        [0e+00, 0e+00]
-------------------------------------------------------------------
 iteration    simulation      bound        time (s)     solves  pid
-------------------------------------------------------------------
         1   6.954850e+03  5.383537e+03  7.696986e-02       324   1
        10   9.267506e+03  7.734217e+03  1.162722e+00      4988   1
        20   1.183861e+04  7.734753e+03  2.248484e+00      8202   1
        29   1.183296e+04  7.734753e+03  3.287183e+00     11761   1
        34   4.988576e+03  7.734753e+03  4.350254e+00     14031   1
        40   1.073771e+03  7.734753e+03  4.584730e+00     14519   1
-------------------------------------------------------------------
status         : simulation_stopping
total time (s) : 4.584730e+00
total solves   : 14519
best bound     :  7.734753e+03
simulation ci  :  6.970190e+03 ± 1.990153e+03
numeric issues : 0
-------------------------------------------------------------------

