-------------------------------------------------------------------
         SDDP.jl (c) Oscar Dowson and contributors, 2017-25
-------------------------------------------------------------------
problem
  nodes           : 4
  state variables : 0
  scenarios       : Inf
  existing cuts   : false
options
  solver          : serial mode
  risk measure    : SDDP.Expectation()
  sampling scheme : SDDP.InSampleMonteCarlo
subproblem structure
  VariableRef                                  : [4, 5]
  JuMP.AffExpr in MOI.EqualTo{Float64}         : [1, 1]
  JuMP.VariableRef in MOI.GreaterThan{Float64} : [3, 4]
  JuMP.VariableRef in MOI.LessThan{Float64}    : [1, 2]
  JuMP.VariableRef in MOI.Parameter{Float64}   : [1, 1]
numerical stability report
  matrix range     [1e+00, 1e+03]
  objective range  [3e-03, 3e+00]
  bounds range     [5e+02, 7e+02]
  rhs range        [0e+00, 0e+00]
-------------------------------------------------------------------
 iteration    simulation      bound        time (s)     solves  pid
-------------------------------------------------------------------
         1   6.408000e-01  3.386307e-01  4.946494e-02       190   1
         5   5.472000e-02  4.309342e-01  1.051166e+00      4907   1
        21   3.628800e-01  4.328261e-01  2.199977e+00     10374   1
        40   2.304000e-01  4.328263e-01  2.791457e+00     12700   1
-------------------------------------------------------------------
status         : simulation_stopping
total time (s) : 2.791457e+00
total solves   : 12700
best bound     :  4.328263e-01
simulation ci  :  3.616200e-01 ± 8.522995e-02
numeric issues : 0
-------------------------------------------------------------------

