-------------------------------------------------------------------
         SDDP.jl (c) Oscar Dowson and contributors, 2017-24
-------------------------------------------------------------------
problem
  nodes           : 2
  state variables : 0
  scenarios       : Inf
  existing cuts   : false
options
  solver          : serial mode
  risk measure    : SDDP.Expectation()
  sampling scheme : SDDP.InSampleMonteCarlo
subproblem structure
  VariableRef                                  : [22, 22]
  JuMP.AffExpr in MOI.EqualTo{Float64}         : [4, 4]
  JuMP.VariableRef in MOI.GreaterThan{Float64} : [17, 17]
  JuMP.VariableRef in MOI.LessThan{Float64}    : [9, 9]
  JuMP.VariableRef in MOI.Parameter{Float64}   : [5, 5]
numerical stability report
  matrix range     [1e+00, 2e+03]
  objective range  [1e-02, 9e+02]
  bounds range     [9e+00, 1e+03]
  rhs range        [0e+00, 0e+00]
-------------------------------------------------------------------
 iteration    simulation      bound        time (s)     solves  pid
-------------------------------------------------------------------
         1   4.785425e+02  3.901061e+02  4.056811e-02       168   1
        10   1.727042e+03  8.584587e+02  1.129243e+00      6047   1
        21   1.241241e+03  8.584595e+02  2.560731e+00     11703   1
        28   1.367459e+03  8.584595e+02  3.745086e+00     14491   1
        33   8.702592e+02  8.584595e+02  4.816764e+00     16345   1
        38   2.052096e+03  8.584595e+02  6.408011e+00     18368   1
        40   3.970643e+01  8.584595e+02  6.826837e+00     18860   1
-------------------------------------------------------------------
status         : simulation_stopping
total time (s) : 6.826837e+00
total solves   : 18860
best bound     :  8.584595e+02
simulation ci  :  1.102224e+03 ± 2.597411e+02
numeric issues : 0
-------------------------------------------------------------------

