-------------------------------------------------------------------
         SDDP.jl (c) Oscar Dowson and contributors, 2017-24
-------------------------------------------------------------------
problem
  nodes           : 4
  state variables : 0
  scenarios       : Inf
  existing cuts   : false
options
  solver          : serial mode
  risk measure    : SDDP.Expectation()
  sampling scheme : SDDP.InSampleMonteCarlo
subproblem structure
  VariableRef                                  : [4, 5]
  JuMP.AffExpr in MOI.EqualTo{Float64}         : [1, 1]
  JuMP.VariableRef in MOI.GreaterThan{Float64} : [3, 4]
  JuMP.VariableRef in MOI.LessThan{Float64}    : [1, 2]
  JuMP.VariableRef in MOI.Parameter{Float64}   : [1, 1]
numerical stability report
  matrix range     [1e+00, 1e+03]
  objective range  [3e-03, 3e+00]
  bounds range     [5e+02, 7e+02]
  rhs range        [0e+00, 0e+00]
-------------------------------------------------------------------
 iteration    simulation      bound        time (s)     solves  pid
-------------------------------------------------------------------
         1   2.822400e-01  2.181074e-01  3.644800e-02        57   1
         2   4.982400e-01  3.644102e-01  2.125680e+00      4644   1
        21   1.440000e-02  4.328260e-01  4.801787e+00     10239   1
        35   3.369600e-01  4.328263e-01  5.809326e+00     12221   1
        40   1.612800e-01  4.328263e-01  5.927537e+00     12428   1
-------------------------------------------------------------------
status         : simulation_stopping
total time (s) : 5.927537e+00
total solves   : 12428
best bound     :  4.328263e-01
simulation ci  :  4.342320e-01 ± 1.549003e-01
numeric issues : 0
-------------------------------------------------------------------

