-------------------------------------------------------------------
         SDDP.jl (c) Oscar Dowson and contributors, 2017-24
-------------------------------------------------------------------
problem
  nodes           : 2
  state variables : 0
  scenarios       : Inf
  existing cuts   : false
options
  solver          : serial mode
  risk measure    : SDDP.Expectation()
  sampling scheme : SDDP.InSampleMonteCarlo
subproblem structure
  VariableRef                                  : [16, 16]
  JuMP.AffExpr in MOI.EqualTo{Float64}         : [2, 2]
  JuMP.VariableRef in MOI.GreaterThan{Float64} : [12, 12]
  JuMP.VariableRef in MOI.LessThan{Float64}    : [6, 6]
  JuMP.VariableRef in MOI.Parameter{Float64}   : [4, 4]
numerical stability report
  matrix range     [1e+00, 2e+03]
  objective range  [1e-02, 3e+00]
  bounds range     [5e+02, 1e+03]
  rhs range        [0e+00, 0e+00]
-------------------------------------------------------------------
 iteration    simulation      bound        time (s)     solves  pid
-------------------------------------------------------------------
         1   9.811399e+01  1.522687e+02  1.024094e+01        19   1
        38   1.272589e+03  8.773575e+02  1.547397e+01     10067   1
        40   3.880300e+02  8.773575e+02  1.559747e+01     10150   1
-------------------------------------------------------------------
status         : simulation_stopping
total time (s) : 1.559747e+01
total solves   : 10150
best bound     :  8.773575e+02
simulation ci  :  9.642219e+02 ± 2.856003e+02
numeric issues : 0
-------------------------------------------------------------------

