-------------------------------------------------------------------
         SDDP.jl (c) Oscar Dowson and contributors, 2017-24
-------------------------------------------------------------------
problem
  nodes           : 2
  state variables : 1
  scenarios       : Inf
  existing cuts   : false
options
  solver          : serial mode
  risk measure    : SDDP.Expectation()
  sampling scheme : SDDP.InSampleMonteCarlo
subproblem structure
  VariableRef                                  : [13, 13]
  JuMP.AffExpr in MOI.EqualTo{Float64}         : [4, 4]
  JuMP.VariableRef in MOI.GreaterThan{Float64} : [10, 10]
  JuMP.VariableRef in MOI.LessThan{Float64}    : [6, 6]
  JuMP.VariableRef in MOI.Parameter{Float64}   : [2, 2]
numerical stability report
  matrix range     [1e+00, 1e+03]
  objective range  [1e-02, 9e+02]
  bounds range     [1e+01, 1e+03]
  rhs range        [0e+00, 0e+00]
-------------------------------------------------------------------
 iteration    simulation      bound        time (s)     solves  pid
-------------------------------------------------------------------
         1   3.456000e+00  0.000000e+00  1.286507e-02        39   1
        18   0.000000e+00  0.000000e+00  1.058451e+00      1744   1
        20   0.000000e+00  0.000000e+00  1.342673e+00      1982   1
-------------------------------------------------------------------
status         : simulation_stopping
total time (s) : 1.342673e+00
total solves   : 1982
best bound     :  0.000000e+00
simulation ci  :  1.728000e-01 ± 3.386880e-01
numeric issues : 0
-------------------------------------------------------------------

