-------------------------------------------------------------------
         SDDP.jl (c) Oscar Dowson and contributors, 2017-24
-------------------------------------------------------------------
problem
  nodes           : 2
  state variables : 0
  scenarios       : Inf
  existing cuts   : false
options
  solver          : serial mode
  risk measure    : SDDP.Expectation()
  sampling scheme : SDDP.InSampleMonteCarlo
subproblem structure
  VariableRef                                  : [22, 22]
  JuMP.AffExpr in MOI.EqualTo{Float64}         : [4, 4]
  JuMP.VariableRef in MOI.GreaterThan{Float64} : [17, 17]
  JuMP.VariableRef in MOI.LessThan{Float64}    : [9, 9]
  JuMP.VariableRef in MOI.Parameter{Float64}   : [5, 5]
numerical stability report
  matrix range     [1e+00, 2e+03]
  objective range  [1e-02, 9e+02]
  bounds range     [9e+00, 1e+03]
  rhs range        [0e+00, 0e+00]
-------------------------------------------------------------------
 iteration    simulation      bound        time (s)     solves  pid
-------------------------------------------------------------------
         1   1.482585e+03  7.227942e+02  9.699583e-02       506   1
        11   7.629997e+01  8.584557e+02  1.100145e+00      5979   1
        21   7.918865e+02  8.584595e+02  2.492606e+00     10646   1
        34   1.506585e+03  8.584595e+02  3.643434e+00     13766   1
        40   1.209676e+03  8.584595e+02  4.189737e+00     14943   1
-------------------------------------------------------------------
status         : simulation_stopping
total time (s) : 4.189737e+00
total solves   : 14943
best bound     :  8.584595e+02
simulation ci  :  7.399658e+02 ± 1.543101e+02
numeric issues : 0
-------------------------------------------------------------------

