-------------------------------------------------------------------
         SDDP.jl (c) Oscar Dowson and contributors, 2017-24
-------------------------------------------------------------------
problem
  nodes           : 4
  state variables : 0
  scenarios       : Inf
  existing cuts   : false
options
  solver          : serial mode
  risk measure    : SDDP.Expectation()
  sampling scheme : SDDP.InSampleMonteCarlo
subproblem structure
  VariableRef                                  : [4, 5]
  JuMP.AffExpr in MOI.EqualTo{Float64}         : [1, 1]
  JuMP.VariableRef in MOI.GreaterThan{Float64} : [3, 4]
  JuMP.VariableRef in MOI.LessThan{Float64}    : [1, 2]
  JuMP.VariableRef in MOI.Parameter{Float64}   : [1, 1]
numerical stability report
  matrix range     [1e+00, 1e+03]
  objective range  [3e-03, 3e+00]
  bounds range     [5e+02, 7e+02]
  rhs range        [0e+00, 0e+00]
-------------------------------------------------------------------
 iteration    simulation      bound        time (s)     solves  pid
-------------------------------------------------------------------
         1   2.184000e+01  1.298430e+01  6.384706e-02       105   1
         2   1.236000e+01  1.544291e+01  1.934337e+00      4083   1
        21   5.040000e+00  1.803443e+01  4.619735e+00      9323   1
        40   1.344000e+01  1.803443e+01  5.336399e+00     10660   1
-------------------------------------------------------------------
status         : simulation_stopping
total time (s) : 5.336399e+00
total solves   : 10660
best bound     :  1.803443e+01
simulation ci  :  1.480950e+01 ± 4.331627e+00
numeric issues : 0
-------------------------------------------------------------------

