-------------------------------------------------------------------
         SDDP.jl (c) Oscar Dowson and contributors, 2017-24
-------------------------------------------------------------------
problem
  nodes           : 2
  state variables : 0
  scenarios       : Inf
  existing cuts   : false
options
  solver          : serial mode
  risk measure    : SDDP.Expectation()
  sampling scheme : SDDP.InSampleMonteCarlo
subproblem structure
  VariableRef                                  : [16, 16]
  JuMP.AffExpr in MOI.EqualTo{Float64}         : [2, 2]
  JuMP.VariableRef in MOI.GreaterThan{Float64} : [12, 12]
  JuMP.VariableRef in MOI.LessThan{Float64}    : [6, 6]
  JuMP.VariableRef in MOI.Parameter{Float64}   : [4, 4]
numerical stability report
  matrix range     [1e+00, 2e+03]
  objective range  [1e-02, 3e+00]
  bounds range     [5e+02, 1e+03]
  rhs range        [0e+00, 0e+00]
-------------------------------------------------------------------
 iteration    simulation      bound        time (s)     solves  pid
-------------------------------------------------------------------
         1   1.142223e+03  1.068179e+03  8.344561e+00        14   1
         2   1.041496e+03  1.700063e+03  9.358159e+00      2389   1
        40   1.607887e+04  8.018903e+03  1.199685e+01      8312   1
-------------------------------------------------------------------
status         : simulation_stopping
total time (s) : 1.199685e+01
total solves   : 8312
best bound     :  8.018903e+03
simulation ci  :  6.503212e+03 ± 1.826922e+03
numeric issues : 0
-------------------------------------------------------------------

