-------------------------------------------------------------------
         SDDP.jl (c) Oscar Dowson and contributors, 2017-24
-------------------------------------------------------------------
problem
  nodes           : 2
  state variables : 1
  scenarios       : Inf
  existing cuts   : false
options
  solver          : serial mode
  risk measure    : SDDP.Expectation()
  sampling scheme : SDDP.InSampleMonteCarlo
subproblem structure
  VariableRef                                  : [13, 13]
  JuMP.AffExpr in MOI.EqualTo{Float64}         : [4, 4]
  JuMP.VariableRef in MOI.GreaterThan{Float64} : [10, 10]
  JuMP.VariableRef in MOI.LessThan{Float64}    : [6, 6]
  JuMP.VariableRef in MOI.Parameter{Float64}   : [2, 2]
numerical stability report
  matrix range     [1e+00, 1e+03]
  objective range  [1e-02, 9e+02]
  bounds range     [1e+01, 1e+03]
  rhs range        [0e+00, 0e+00]
-------------------------------------------------------------------
 iteration    simulation      bound        time (s)     solves  pid
-------------------------------------------------------------------
         1   2.598678e+06  1.055988e+06  3.652913e+00      3819   1
         2   1.075241e+06  1.072598e+06  3.754701e+01    162616   1
         3   6.569849e+06  2.773557e+06  1.897452e+02    176999   1
         4   8.546249e+06  2.973979e+06  1.195799e+03    195702   1
-------------------------------------------------------------------
status         : time_limit
total time (s) : 1.195799e+03
total solves   : 195702
best bound     :  2.973979e+06
simulation ci  :  4.697504e+06 ± 3.387474e+06
numeric issues : 0
-------------------------------------------------------------------

