-------------------------------------------------------------------
         SDDP.jl (c) Oscar Dowson and contributors, 2017-25
-------------------------------------------------------------------
problem
  nodes           : 4
  state variables : 0
  scenarios       : Inf
  existing cuts   : false
options
  solver          : serial mode
  risk measure    : SDDP.Expectation()
  sampling scheme : SDDP.InSampleMonteCarlo
subproblem structure
  VariableRef                                  : [4, 5]
  JuMP.AffExpr in MOI.EqualTo{Float64}         : [1, 1]
  JuMP.VariableRef in MOI.GreaterThan{Float64} : [3, 4]
  JuMP.VariableRef in MOI.LessThan{Float64}    : [1, 2]
  JuMP.VariableRef in MOI.Parameter{Float64}   : [1, 1]
numerical stability report
  matrix range     [1e+00, 1e+03]
  objective range  [3e-03, 3e+00]
  bounds range     [5e+02, 7e+02]
  rhs range        [0e+00, 0e+00]
-------------------------------------------------------------------
 iteration    simulation      bound        time (s)     solves  pid
-------------------------------------------------------------------
         1   6.408000e-01  3.386307e-01  4.366112e-02       190   1
        16   5.529600e-01  4.328250e-01  1.060685e+00      5878   1
        29   2.779200e-01  4.328263e-01  2.070304e+00     11441   1
        40   2.304000e-01  4.328263e-01  2.332363e+00     12700   1
-------------------------------------------------------------------
status         : simulation_stopping
total time (s) : 2.332363e+00
total solves   : 12700
best bound     :  4.328263e-01
simulation ci  :  3.616200e-01 ± 8.522995e-02
numeric issues : 0
-------------------------------------------------------------------

