-------------------------------------------------------------------
         SDDP.jl (c) Oscar Dowson and contributors, 2017-25
-------------------------------------------------------------------
problem
  nodes           : 10
  state variables : 1
  scenarios       : 5.90490e+04
  existing cuts   : false
options
  solver          : serial mode
  risk measure    : SDDP.Expectation()
  sampling scheme : SDDP.InSampleMonteCarlo
subproblem structure
  VariableRef                                  : [13, 13]
  JuMP.AffExpr in MOI.EqualTo{Float64}         : [4, 4]
  JuMP.VariableRef in MOI.GreaterThan{Float64} : [10, 10]
  JuMP.VariableRef in MOI.LessThan{Float64}    : [6, 7]
  JuMP.VariableRef in MOI.Parameter{Float64}   : [2, 2]
numerical stability report
  matrix range     [1e+00, 1e+03]
  objective range  [8e-03, 9e+02]
  bounds range     [1e+01, 1e+03]
  rhs range        [0e+00, 0e+00]
-------------------------------------------------------------------
 iteration    simulation      bound        time (s)     solves  pid
-------------------------------------------------------------------
         1   3.840819e+00  0.000000e+00  3.111601e-02        40   1
        40   0.000000e+00  0.000000e+00  9.696500e-01      3600   1
-------------------------------------------------------------------
status         : simulation_stopping
total time (s) : 9.696500e-01
total solves   : 3600
best bound     :  0.000000e+00
simulation ci  :  1.917500e-01 ± 2.623230e-01
numeric issues : 0
-------------------------------------------------------------------

